[    0.000000] Initializing cgroup subsys cpuset
[    0.000000] Initializing cgroup subsys cpu
[    0.000000] Initializing cgroup subsys cpuacct
[    0.000000] Linux version 4.4.0-91-generic (buildd@lcy01-11) (gcc version 5.4.0 20160609 (Ubuntu 5.4.0-6ubuntu1~16.04.4) ) #114-Ubuntu SMP Tue Aug 8 11:56:56 UTC 2017 (Ubuntu 4.4.0-91.114-generic 4.4.76)
[    0.000000] Command line: BOOT_IMAGE=/boot/vmlinuz-4.4.0-91-generic root=LABEL=cloudimg-rootfs ro console=tty1 console=ttyS0
[    0.000000] KERNEL supported cpus:
[    0.000000]   Intel GenuineIntel
[    0.000000]   AMD AuthenticAMD
[    0.000000]   Centaur CentaurHauls
[    0.000000] x86/fpu: xstate_offset[2]:  576, xstate_sizes[2]:  256
[    0.000000] x86/fpu: Supporting XSAVE feature 0x01: 'x87 floating point registers'
[    0.000000] x86/fpu: Supporting XSAVE feature 0x02: 'SSE registers'
[    0.000000] x86/fpu: Supporting XSAVE feature 0x04: 'AVX registers'
[    0.000000] x86/fpu: Enabled xstate features 0x7, context size is 832 bytes, using 'standard' format.
[    0.000000] x86/fpu: Using 'lazy' FPU context switches.
[    0.000000] e820: BIOS-provided physical RAM map:
[    0.000000] BIOS-e820: [mem 0x0000000000000000-0x000000000009fbff] usable
[    0.000000] BIOS-e820: [mem 0x000000000009fc00-0x000000000009ffff] reserved
[    0.000000] BIOS-e820: [mem 0x00000000000f0000-0x00000000000fffff] reserved
[    0.000000] BIOS-e820: [mem 0x0000000000100000-0x000000007ffeffff] usable
[    0.000000] BIOS-e820: [mem 0x000000007fff0000-0x000000007fffffff] ACPI data
[    0.000000] BIOS-e820: [mem 0x00000000fec00000-0x00000000fec00fff] reserved
[    0.000000] BIOS-e820: [mem 0x00000000fee00000-0x00000000fee00fff] reserved
[    0.000000] BIOS-e820: [mem 0x00000000fffc0000-0x00000000ffffffff] reserved
[    0.000000] NX (Execute Disable) protection: active
[    0.000000] SMBIOS 2.5 present.
[    0.000000] Hypervisor detected: KVM
[    0.000000] e820: last_pfn = 0x7fff0 max_arch_pfn = 0x400000000
[    0.000000] MTRR: Disabled
[    0.000000] x86/PAT: MTRRs disabled, skipping PAT initialization too.
[    0.000000] x86/PAT: Configuration [0-7]: WB  WT  UC- UC  WB  WT  UC- UC  
[    0.000000] CPU MTRRs all blank - virtualized system.
[    0.000000] found SMP MP-table at [mem 0x0009fff0-0x0009ffff] mapped at [ffff88000009fff0]
[    0.000000] Scanning 1 areas for low memory corruption
[    0.000000] RAMDISK: [mem 0x36ac6000-0x3755afff]
[    0.000000] ACPI: Early table checksum verification disabled
[    0.000000] ACPI: RSDP 0x00000000000E0000 000024 (v02 VBOX  )
[    0.000000] ACPI: XSDT 0x000000007FFF0030 00003C (v01 VBOX   VBOXXSDT 00000001 ASL  00000061)
[    0.000000] ACPI: FACP 0x000000007FFF00F0 0000F4 (v04 VBOX   VBOXFACP 00000001 ASL  00000061)
[    0.000000] ACPI: DSDT 0x000000007FFF0470 0021C8 (v02 VBOX   VBOXBIOS 00000002 INTL 20100528)
[    0.000000] ACPI: FACS 0x000000007FFF0200 000040
[    0.000000] ACPI: FACS 0x000000007FFF0200 000040
[    0.000000] ACPI: APIC 0x000000007FFF0240 00005C (v02 VBOX   VBOXAPIC 00000001 ASL  00000061)
[    0.000000] ACPI: SSDT 0x000000007FFF02A0 0001CC (v01 VBOX   VBOXCPUT 00000002 INTL 20100528)
[    0.000000] No NUMA configuration found
[    0.000000] Faking a node at [mem 0x0000000000000000-0x000000007ffeffff]
[    0.000000] NODE_DATA(0) allocated [mem 0x7ffeb000-0x7ffeffff]
[    0.000000] kvm-clock: Using msrs 4b564d01 and 4b564d00
[    0.000000] kvm-clock: cpu 0, msr 0:7ffe3001, primary cpu clock
[    0.000000] kvm-clock: using sched offset of 21767077919 cycles
[    0.000000] clocksource: kvm-clock: mask: 0xffffffffffffffff max_cycles: 0x1cd42e4dffb, max_idle_ns: 881590591483 ns
[    0.000000] Zone ranges:
[    0.000000]   DMA      [mem 0x0000000000001000-0x0000000000ffffff]
[    0.000000]   DMA32    [mem 0x0000000001000000-0x000000007ffeffff]
[    0.000000]   Normal   empty
[    0.000000]   Device   empty
[    0.000000] Movable zone start for each node
[    0.000000] Early memory node ranges
[    0.000000]   node   0: [mem 0x0000000000001000-0x000000000009efff]
[    0.000000]   node   0: [mem 0x0000000000100000-0x000000007ffeffff]
[    0.000000] Initmem setup node 0 [mem 0x0000000000001000-0x000000007ffeffff]
[    0.000000] ACPI: PM-Timer IO Port: 0x4008
[    0.000000] IOAPIC[0]: apic_id 2, version 32, address 0xfec00000, GSI 0-23
[    0.000000] ACPI: INT_SRC_OVR (bus 0 bus_irq 0 global_irq 2 dfl dfl)
[    0.000000] ACPI: INT_SRC_OVR (bus 0 bus_irq 9 global_irq 9 high level)
[    0.000000] Using ACPI (MADT) for SMP configuration information
[    0.000000] smpboot: Allowing 2 CPUs, 0 hotplug CPUs
[    0.000000] PM: Registered nosave memory: [mem 0x00000000-0x00000fff]
[    0.000000] PM: Registered nosave memory: [mem 0x0009f000-0x0009ffff]
[    0.000000] PM: Registered nosave memory: [mem 0x000a0000-0x000effff]
[    0.000000] PM: Registered nosave memory: [mem 0x000f0000-0x000fffff]
[    0.000000] e820: [mem 0x80000000-0xfebfffff] available for PCI devices
[    0.000000] Booting paravirtualized kernel on KVM
[    0.000000] clocksource: refined-jiffies: mask: 0xffffffff max_cycles: 0xffffffff, max_idle_ns: 7645519600211568 ns
[    0.000000] setup_percpu: NR_CPUS:512 nr_cpumask_bits:512 nr_cpu_ids:2 nr_node_ids:1
[    0.000000] PERCPU: Embedded 33 pages/cpu @ffff88007fc00000 s98264 r8192 d28712 u1048576
[    0.000000] PV qspinlock hash table entries: 256 (order: 0, 4096 bytes)
[    0.000000] Built 1 zonelists in Node order, mobility grouping on.  Total pages: 515961
[    0.000000] Policy zone: DMA32
[    0.000000] Kernel command line: BOOT_IMAGE=/boot/vmlinuz-4.4.0-91-generic root=LABEL=cloudimg-rootfs ro console=tty1 console=ttyS0
[    0.000000] PID hash table entries: 4096 (order: 3, 32768 bytes)
[    0.000000] Memory: 2033932K/2096696K available (8474K kernel code, 1294K rwdata, 3984K rodata, 1488K init, 1316K bss, 62764K reserved, 0K cma-reserved)
[    0.000000] SLUB: HWalign=64, Order=0-3, MinObjects=0, CPUs=2, Nodes=1
[    0.000000] Hierarchical RCU implementation.
[    0.000000] 	Build-time adjustment of leaf fanout to 64.
[    0.000000] 	RCU restricting CPUs from NR_CPUS=512 to nr_cpu_ids=2.
[    0.000000] RCU: Adjusting geometry for rcu_fanout_leaf=64, nr_cpu_ids=2
[    0.000000] NR_IRQS:33024 nr_irqs:440 16
[    0.000000] Console: colour VGA+ 80x25
[    0.000000] console [tty1] enabled
[    0.000000] console [ttyS0] enabled
[    0.000000] tsc: Detected 2294.784 MHz processor
[    1.815728] Calibrating delay loop (skipped) preset value.. 4589.56 BogoMIPS (lpj=9179136)
[    1.818580] pid_max: default: 32768 minimum: 301
[    1.820101] ACPI: Core revision 20150930
[    1.822376] ACPI: 2 ACPI AML tables successfully acquired and loaded
[    1.823724] Security Framework initialized
[    1.824575] Yama: becoming mindful.
[    1.842600] AppArmor: AppArmor initialized
[    1.844551] Dentry cache hash table entries: 262144 (order: 9, 2097152 bytes)
[    1.846414] Inode-cache hash table entries: 131072 (order: 8, 1048576 bytes)
[    1.847983] Mount-cache hash table entries: 4096 (order: 3, 32768 bytes)
[    1.849304] Mountpoint-cache hash table entries: 4096 (order: 3, 32768 bytes)
[    1.852042] Initializing cgroup subsys io
[    1.852980] Initializing cgroup subsys memory
[    1.853966] Initializing cgroup subsys devices
[    1.855037] Initializing cgroup subsys freezer
[    1.869756] Initializing cgroup subsys net_cls
[    1.903463] Initializing cgroup subsys perf_event
[    1.904870] Initializing cgroup subsys net_prio
[    1.906219] Initializing cgroup subsys hugetlb
[    1.907270] Initializing cgroup subsys pids
[    1.908304] CPU: Physical Processor ID: 0
[    1.909182] CPU: Processor Core ID: 0
[    1.910370] mce: CPU supports 0 MCE banks
[    1.928626] Last level iTLB entries: 4KB 512, 2MB 8, 4MB 8
[    1.929720] Last level dTLB entries: 4KB 512, 2MB 32, 4MB 32, 1GB 0
[    1.933293] Freeing SMP alternatives memory: 32K (ffffffff820b9000 - ffffffff820c1000)
[    1.945111] ftrace: allocating 32131 entries in 126 pages
[    2.014125] smpboot: APIC(0) Converting physical 0 to logical package 0
[    2.027494] smpboot: Max logical packages: 1
[    2.036495] x2apic enabled
[    2.037360] Switched APIC routing to physical x2apic.
[    2.051438] ..TIMER: vector=0x30 apic1=0 pin1=2 apic2=-1 pin2=-1
[    2.157925] smpboot: CPU0: Intel(R) Core(TM) i7-3610QM CPU @ 2.30GHz (family: 0x6, model: 0x3a, stepping: 0x9)
[    2.165900] Performance Events: unsupported p6 CPU model 58 no PMU driver, software events only.
[    2.179190] KVM setup paravirtual spinlock
[    2.180707] x86: Booting SMP configuration:
[    2.181560] .... node  #0, CPUs:      #1
[    2.182485] kvm-clock: cpu 1, msr 0:7ffe3041, secondary cpu clock
[    2.183636] mce: CPU supports 0 MCE banks
[    2.186145] x86: Booted up 1 node, 2 CPUs
[    2.187225] smpboot: Total of 2 processors activated (9179.13 BogoMIPS)
[    2.215829] devtmpfs: initialized
[    2.218545] evm: security.selinux
[    2.219334] evm: security.SMACK64
[    2.220125] evm: security.SMACK64EXEC
[    2.220953] evm: security.SMACK64TRANSMUTE
[    2.221841] evm: security.SMACK64MMAP
[    2.222655] evm: security.ima
[    2.223367] evm: security.capability
[    2.224365] clocksource: jiffies: mask: 0xffffffff max_cycles: 0xffffffff, max_idle_ns: 7645041785100000 ns
[    2.226268] futex hash table entries: 512 (order: 3, 32768 bytes)
[    2.233672] pinctrl core: initialized pinctrl subsystem
[    2.243390] RTC time:  9:12:33, date: 08/13/17
[    2.275720] NET: Registered protocol family 16
[    2.285895] cpuidle: using governor ladder
[    2.369882] cpuidle: using governor menu
[    2.384570] PCCT header not found.
[    2.385410] ACPI: bus type PCI registered
[    2.392273] acpiphp: ACPI Hot Plug PCI Controller Driver version: 0.5
[    2.400726] PCI: Using configuration type 1 for base access
[    2.414669] ACPI: Added _OSI(Module Device)
[    2.434760] ACPI: Added _OSI(Processor Device)
[    2.435693] ACPI: Added _OSI(3.0 _SCP Extensions)
[    2.436633] ACPI: Added _OSI(Processor Aggregator Device)
[    2.468757] ACPI: Executed 1 blocks of module-level executable AML code
[    2.500343] ACPI: Interpreter enabled
[    2.525061] ACPI: (supports S0 S5)
[    2.525789] ACPI: Using IOAPIC for interrupt routing
[    2.526935] PCI: Using host bridge windows from ACPI; if necessary, use "pci=nocrs" and report a bug
[    2.532259] ACPI: PCI Root Bridge [PCI0] (domain 0000 [bus 00-ff])
[    2.533403] acpi PNP0A03:00: _OSC: OS supports [ASPM ClockPM Segments MSI]
[    2.585469] acpi PNP0A03:00: _OSC failed (AE_NOT_FOUND); disabling ASPM
[    2.586763] acpi PNP0A03:00: fail to add MMCONFIG information, can't access extended PCI configuration space under this bridge.
[    2.589301] PCI host bridge to bus 0000:00
[    2.590186] pci_bus 0000:00: root bus resource [io  0x0000-0x0cf7 window]
[    2.591523] pci_bus 0000:00: root bus resource [io  0x0d00-0xffff window]
[    2.592786] pci_bus 0000:00: root bus resource [mem 0x000a0000-0x000bffff window]
[    2.594416] pci_bus 0000:00: root bus resource [mem 0x80000000-0xffdfffff window]
[    2.595991] pci_bus 0000:00: root bus resource [bus 00-ff]
[    2.599050] pci 0000:00:01.1: legacy IDE quirk: reg 0x10: [io  0x01f0-0x01f7]
[    2.600376] pci 0000:00:01.1: legacy IDE quirk: reg 0x14: [io  0x03f6]
[    2.622602] pci 0000:00:01.1: legacy IDE quirk: reg 0x18: [io  0x0170-0x0177]
[    2.623930] pci 0000:00:01.1: legacy IDE quirk: reg 0x1c: [io  0x0376]
[    2.650089] pci 0000:00:07.0: quirk: [io  0x4000-0x403f] claimed by PIIX4 ACPI
[    2.687272] pci 0000:00:07.0: quirk: [io  0x4100-0x410f] claimed by PIIX4 SMB
[    2.731850] ACPI: PCI Interrupt Link [LNKA] (IRQs 5 9 10 *11)
[    2.759679] ACPI: PCI Interrupt Link [LNKB] (IRQs 5 9 10 *11)
[    2.772491] ACPI: PCI Interrupt Link [LNKC] (IRQs 5 9 *10 11)
[    2.774113] ACPI: PCI Interrupt Link [LNKD] (IRQs 5 *9 10 11)
[    2.775824] ACPI: Enabled 2 GPEs in block 00 to 07
[    2.777287] vgaarb: setting as boot device: PCI:0000:00:02.0
[    2.818584] vgaarb: device added: PCI:0000:00:02.0,decodes=io+mem,owns=io+mem,locks=none
[    2.826814] vgaarb: loaded
[    2.833617] vgaarb: bridge control possible 0000:00:02.0
[    2.842354] SCSI subsystem initialized
[    2.843967] ACPI: bus type USB registered
[    2.845231] usbcore: registered new interface driver usbfs
[    2.867007] usbcore: registered new interface driver hub
[    2.880188] usbcore: registered new device driver usb
[    2.881488] PCI: Using ACPI for IRQ routing
[    2.882773] NetLabel: Initializing
[    2.883546] NetLabel:  domain hash size = 128
[    2.884459] NetLabel:  protocols = UNLABELED CIPSOv4
[    2.885477] NetLabel:  unlabeled traffic allowed by default
[    2.906625] amd_nb: Cannot enumerate AMD northbridges
[    2.924636] clocksource: Switched to clocksource kvm-clock
[    2.934780] AppArmor: AppArmor Filesystem Enabled
[    2.946196] pnp: PnP ACPI init
[    2.948531] pnp: PnP ACPI: found 3 devices
[    2.971280] clocksource: acpi_pm: mask: 0xffffff max_cycles: 0xffffff, max_idle_ns: 2085701024 ns
[    3.076845] NET: Registered protocol family 2
[    3.077845] TCP established hash table entries: 16384 (order: 5, 131072 bytes)
[    3.082351] TCP bind hash table entries: 16384 (order: 6, 262144 bytes)
[    3.083552] TCP: Hash tables configured (established 16384 bind 16384)
[    3.084726] UDP hash table entries: 1024 (order: 3, 32768 bytes)
[    3.085848] UDP-Lite hash table entries: 1024 (order: 3, 32768 bytes)
[    3.087062] NET: Registered protocol family 1
[    3.087926] pci 0000:00:00.0: Limiting direct PCI/PCI transfers
[    3.089044] pci 0000:00:01.0: Activating ISA DMA hang workarounds
[    3.090294] Unpacking initramfs...
[    4.993639] Freeing initrd memory: 10836K (ffff880036ac6000 - ffff88003755b000)
[    5.010858] RAPL PMU detected, API unit is 2^-32 Joules, 3 fixed counters 10737418240 ms ovfl timer
[    5.017219] hw unit of domain pp0-core 2^-0 Joules
[    5.022067] hw unit of domain package 2^-0 Joules
[    5.024915] hw unit of domain pp1-gpu 2^-0 Joules
[    5.028278] platform rtc_cmos: registered platform RTC device (no PNP device found)
[    5.033366] Scanning for low memory corruption every 60 seconds
[    5.037645] audit: initializing netlink subsys (disabled)
[    5.041493] audit: type=2000 audit(1502615577.025:1): initialized
[    5.046973] Initialise system trusted keyring
[    5.050481] HugeTLB registered 2 MB page size, pre-allocated 0 pages
[    5.061789] zbud: loaded
[    5.080937] VFS: Disk quotas dquot_6.6.0
[    5.093331] VFS: Dquot-cache hash table entries: 512 (order 0, 4096 bytes)
[    5.097296] squashfs: version 4.0 (2009/01/31) Phillip Lougher
[    5.101757] fuse init (API version 7.23)
[    5.108803] Key type big_key registered
[    5.110985] Allocating IMA MOK and blacklist keyrings.
[    5.116064] Key type asymmetric registered
[    5.118341] Asymmetric key parser 'x509' registered
[    5.120893] Block layer SCSI generic (bsg) driver version 0.4 loaded (major 249)
[    5.124943] io scheduler noop registered
[    5.127034] io scheduler deadline registered (default)
[    5.129632] io scheduler cfq registered
[    5.131974] pci_hotplug: PCI Hot Plug PCI Core version: 0.5
[    5.134749] pciehp: PCI Express Hot Plug Controller Driver version: 0.4
[    5.138185] ACPI: AC Adapter [AC] (on-line)
[    5.146398] input: Power Button as /devices/LNXSYSTM:00/LNXPWRBN:00/input/input0
[    5.150273] ACPI: Power Button [PWRF]
[    5.177924] input: Sleep Button as /devices/LNXSYSTM:00/LNXSLPBN:00/input/input1
[    5.181859] ACPI: Sleep Button [SLPF]
[    5.184348] GHES: HEST is not enabled!
[    5.186191] ACPI: Battery Slot [BAT0] (battery present)
[    5.190562] Serial: 8250/16550 driver, 32 ports, IRQ sharing enabled
[    5.234084] 00:02: ttyS0 at I/O 0x3f8 (irq = 4, base_baud = 115200) is a 16550A
[    5.279040] Linux agpgart interface v0.103
[    5.290431] loop: module loaded
[    5.302826] scsi host0: ata_piix
[    5.305058] scsi host1: ata_piix
[    5.306986] ata1: PATA max UDMA/33 cmd 0x1f0 ctl 0x3f6 bmdma 0xd000 irq 14
[    5.311658] ata2: PATA max UDMA/33 cmd 0x170 ctl 0x376 bmdma 0xd008 irq 15
[    5.336977] libphy: Fixed MDIO Bus: probed
[    5.362312] tun: Universal TUN/TAP device driver, 1.6
[    5.399601] tun: (C) 1999-2004 Max Krasnyansky <maxk@qualcomm.com>
[    5.413091] PPP generic driver version 2.4.2
[    5.453499] ehci_hcd: USB 2.0 'Enhanced' Host Controller (EHCI) Driver
[    5.485493] ehci-pci: EHCI PCI platform driver
[    5.487869] ehci-platform: EHCI generic platform driver
[    5.490577] ohci_hcd: USB 1.1 'Open' Host Controller (OHCI) Driver
[    5.500543] ohci-pci: OHCI PCI platform driver
[    5.547605] ohci-platform: OHCI generic platform driver
[    5.550222] uhci_hcd: USB Universal Host Controller Interface driver
[    5.601683] i8042: PNP: PS/2 Controller [PNP0303:PS2K,PNP0f03:PS2M] at 0x60,0x64 irq 1,12
[    5.696836] serio: i8042 KBD port at 0x60,0x64 irq 1
[    5.706538] serio: i8042 AUX port at 0x60,0x64 irq 12
[    5.722349] mousedev: PS/2 mouse device common for all mice
[    5.742668] input: AT Translated Set 2 keyboard as /devices/platform/i8042/serio0/input/input2
[    5.759558] rtc_cmos rtc_cmos: rtc core: registered rtc_cmos as rtc0
[    5.788361] rtc_cmos rtc_cmos: alarms up to one day, 114 bytes nvram
[    5.853691] i2c /dev entries driver
[    5.873858] device-mapper: uevent: version 1.0.3
[    5.876495] device-mapper: ioctl: 4.34.0-ioctl (2015-10-28) initialised: dm-devel@redhat.com
[    5.910245] ledtrig-cpu: registered to indicate activity on CPUs
[    5.916101] NET: Registered protocol family 10
[    5.941043] NET: Registered protocol family 17
[    5.944706] Key type dns_resolver registered
[    5.969469] microcode: CPU0 sig=0x306a9, pf=0x2, revision=0x19
[    5.974239] microcode: CPU1 sig=0x306a9, pf=0x2, revision=0x19
[    5.977271] microcode: Microcode Update Driver: v2.01 <tigran@aivazian.fsnet.co.uk>, Peter Oruba
[    5.987604] registered taskstats version 1
[    6.001625] Loading compiled-in X.509 certificates
[    6.009902] Loaded X.509 cert 'Build time autogenerated kernel key: 0777615d5208f86b8b4bd2fb3aecc97a191f2831'
[    6.019078] zswap: loaded using pool lzo/zbud
[    6.024986] tsc: Refined TSC clocksource calibration: 2293.283 MHz
[    6.024990] clocksource: tsc: mask: 0xffffffffffffffff max_cycles: 0x210e6bf8aa2, max_idle_ns: 440795296051 ns
[    6.074692] Key type trusted registered
[    6.085044] Key type encrypted registered
[    6.091119] AppArmor: AppArmor sha1 policy hashing enabled
[    6.095516] ima: No TPM chip found, activating TPM-bypass!
[    6.103073] evm: HMAC attrs: 0x1
[    6.119234]   Magic number: 13:110:222
[    6.132204] rtc_cmos rtc_cmos: setting system clock to 2017-08-13 09:12:36 UTC (1502615556)
[    6.155859] BIOS EDD facility v0.16 2004-Jun-25, 0 devices found
[    6.158773] EDD information not available.
[    6.165781] Freeing unused kernel memory: 1488K (ffffffff81f45000 - ffffffff820b9000)
[    6.186957] Write protecting the kernel read-only data: 14336k
[    6.197158] Freeing unused kernel memory: 1752K (ffff88000184a000 - ffff880001a00000)
[    6.204434] Freeing unused kernel memory: 112K (ffff880001de4000 - ffff880001e00000)
Loading, please wait...
starting version[    6.247504] random: systemd-udevd: uninitialized urandom read (16 bytes read, 2 bits of entropy available)
 229
[    6.250548] random: udevadm: uninitialized urandom read (16 bytes read, 2 bits of entropy available)
[    6.250649] random: udevadm: uninitialized urandom read (16 bytes read, 2 bits of entropy available)
[    6.251103] random: udevadm: uninitialized urandom read (16 bytes read, 2 bits of entropy available)
[    6.251236] random: udevadm: uninitialized urandom read (16 bytes read, 2 bits of entropy available)
[    6.251433] random: udevadm: uninitialized urandom read (16 bytes read, 2 bits of entropy available)
[    6.251567] random: udevadm: uninitialized urandom read (16 bytes read, 2 bits of entropy available)
[    6.251693] random: udevadm: uninitialized urandom read (16 bytes read, 2 bits of entropy available)
[    6.251811] random: udevadm: uninitialized urandom read (16 bytes read, 2 bits of entropy available)
[    6.252028] random: udevadm: uninitialized urandom read (16 bytes read, 2 bits of entropy available)
[    6.538400] e1000: Intel(R) PRO/1000 Network Driver - version 7.3.21-k8-NAPI
[    6.605773] e1000: Copyright (c) 1999-2006 Intel Corporation.
[    6.645312] Fusion MPT base driver 3.04.20
[    6.650255] Copyright (c) 1999-2008 LSI Corporation
[    6.706133] Fusion MPT SPI Host driver 3.04.20
[    6.750478] mptbase: ioc0: Initiating bringup
[    6.784611] AVX version of gcm_enc/dec engaged.
[    6.826097] AES CTR mode by8 optimization enabled
[    6.833463] ioc0: LSI53C1030 A0: Capabilities={Initiator}
[    6.955835] input: ImExPS/2 Generic Explorer Mouse as /devices/platform/i8042/serio1/input/input4
[    7.049267] scsi host2: ioc0: LSI53C1030 A0, FwRev=00000000h, Ports=1, MaxQ=256, IRQ=20
[    7.181832] scsi 2:0:0:0: Direct-Access     VBOX     HARDDISK         1.0  PQ: 0 ANSI: 5
[    7.209219] scsi target2:0:0: Beginning Domain Validation
[    7.249900] scsi target2:0:0: Domain Validation skipping write tests
[    7.261384] scsi target2:0:0: Ending Domain Validation
[    7.298313] scsi target2:0:0: asynchronous
[    7.306302] scsi 2:0:1:0: Direct-Access     VBOX     HARDDISK         1.0  PQ: 0 ANSI: 5
[    7.321546] scsi target2:0:1: Beginning Domain Validation
[    7.328287] scsi target2:0:1: Domain Validation skipping write tests
[    7.338189] scsi target2:0:1: Ending Domain Validation
[    7.351882] scsi target2:0:1: asynchronous
[    7.381074] sd 2:0:0:0: Attached scsi generic sg0 type 0
[    7.386216] sd 2:0:0:0: [sda] 20971520 512-byte logical blocks: (10.7 GB/10.0 GiB)
[    7.394685] sd 2:0:1:0: Attached scsi generic sg1 type 0
[    7.407357] sd 2:0:0:0: [sda] Write Protect is off
[    7.411243] sd 2:0:0:0: [sda] Incomplete mode parameter data
[    7.415628] sd 2:0:0:0: [sda] Assuming drive cache: write through
[    7.462211] sd 2:0:1:0: [sdb] 20480 512-byte logical blocks: (10.5 MB/10.0 MiB)
[    7.474022] sd 2:0:1:0: [sdb] Write Protect is off
[    7.479035]  sda: sda1
[    7.481101] sd 2:0:1:0: [sdb] Incomplete mode parameter data
[    7.485220] sd 2:0:1:0: [sdb] Assuming drive cache: write through
[    7.491551] sd 2:0:0:0: [sda] Attached SCSI disk
[    7.524169] sd 2:0:1:0: [sdb] Attached SCSI disk
[    7.799965] e1000 0000:00:03.0 eth0: (PCI:33MHz:32-bit) 02:50:7f:03:3f:72
[    7.848099] e1000 0000:00:03.0 eth0: Intel(R) PRO/1000 Network Connection
[    8.380947] e1000 0000:00:08.0 eth1: (PCI:33MHz:32-bit) 08:00:27:50:ef:1e
[    8.418899] e1000 0000:00:08.0 eth1: Intel(R) PRO/1000 Network Connection
[    8.428825] e1000 0000:00:03.0 enp0s3: renamed from eth0
[    8.445048] e1000 0000:00:08.0 enp0s8: renamed from eth1
[    9.744903] floppy0: no floppy controllers found
Begin: Loading e[   11.148844] md: linear personality registered for level -1
ssential drivers ... [   11.168054] md: multipath personality registered for level -4
[   11.172105] md: raid0 personality registered for level 0
[   11.182435] md: raid1 personality registered for level 1
[   11.273012] raid6: sse2x1   gen()  6955 MB/s
[   11.353012] raid6: sse2x1   xor()  6065 MB/s
[   11.453026] raid6: sse2x2   gen()  9032 MB/s
[   11.533029] raid6: sse2x2   xor()  6926 MB/s
[   11.637048] raid6: sse2x4   gen() 10288 MB/s
[   11.713064] raid6: sse2x4   xor()  7373 MB/s
[   11.723565] raid6: using algorithm sse2x4 gen() 10288 MB/s
[   11.742121] raid6: .... xor() 7373 MB/s, rmw enabled
[   11.743208] raid6: using ssse3x2 recovery algorithm
[   11.746161] xor: automatically using best checksumming function:
[   11.784648]    avx       : 17114.000 MB/sec
[   11.819281] async_tx: api initialized (async)
[   11.828573] md: raid6 personality registered for level 6
[   11.837103] md: raid5 personality registered for level 5
[   11.845696] md: raid4 personality registered for level 4
[   11.852621] md: raid10 personality registered for level 10
done.
Begin: Running /scripts/init-premount ... done.
Begin: Mounting root file system ... Begin: Running /scripts/local-top ... done.
Begin: Running /scripts/local-premount ... [   11.887022] Btrfs loaded
Scanning for Btrfs filesystems
done.
[   13.886868] random: nonblocking pool is initialized
Warning: fsck not present, so skipping root file system
[   14.331975] EXT4-fs (sda1): mounted filesystem with ordered data mode. Opts: (null)
done.
Begin: Running /scripts/local-bottom ... done.
Begin: Running /scripts/init-bottom ... done.
[   19.603969] systemd[1]: systemd 229 running in system mode. (+PAM +AUDIT +SELINUX +IMA +APPARMOR +SMACK +SYSVINIT +UTMP +LIBCRYPTSETUP +GCRYPT +GNUTLS +ACL +XZ -LZ4 +SECCOMP +BLKID +ELFUTILS +KMOD -IDN)
[   19.775979] systemd[1]: Detected virtualization oracle.
[   19.776972] systemd[1]: Detected architecture x86-64.

Welcome to [1mUbuntu 16.04.3 LTS[0m!

[   19.977373] systemd[1]: Set hostname to <ubuntu>.
[   20.151087] systemd[1]: Initializing machine ID from random generator.
[   20.159848] systemd[1]: Installed transient /etc/machine-id file.
[   27.313919] systemd[1]: Reached target User and Group Name Lookups.
[[0;32m  OK  [0m] Reached target User and Group Name Lookups.
[   27.322326] systemd[1]: Listening on Journal Socket (/dev/log).
[[0;32m  OK  [0m] Listening on Journal Socket (/dev/log).
[   27.377013] systemd[1]: Created slice System Slice.
[[0;32m  OK  [0m] Created slice System Slice.
[   27.379330] systemd[1]: Listening on Journal Socket.
[[0;32m  OK  [0m] Listening on Journal Socket.
[   27.393188] systemd[1]: Mounting Debug File System...
         Mounting Debug File System...
[   27.415075] systemd[1]: Reached target Swap.
[[0;32m  OK  [0m] Reached target Swap.
[   27.422586] systemd[1]: Started Forward Password Requests to Wall Directory Watch.
[[0;32m  OK  [0m] Started Forward Password Requests to Wall Directory Watch.
[   27.440078] systemd[1]: Created slice system-serial\x2dgetty.slice.
[[0;32m  OK  [0m] Created slice system-serial\x2dgetty.slice.
[   27.517178] systemd[1]: Mounting POSIX Message Queue File System...
         Mounting POSIX Message Queue File System...
[   27.537158] systemd[1]: Starting Create list of required static device nodes for the current kernel...
         Starting Create list of required st... nodes for the current kernel...
[   27.543373] systemd[1]: Starting Remount Root and Kernel File Systems...
         Starting Remount Root and Kernel File Systems...
[   27.547777] systemd[1]: Starting Nameserver information manager...
         Starting Nameserver information manager...
[   27.550176] systemd[1]: Listening on Device-mapper event daemon FIFOs.
[[0;32m  OK  [0m] Listening on Device-mapper event daemon FIFOs.
[   27.552886] systemd[1]: Listening on udev Control Socket.
[[0;32m  OK  [0m] Listening on udev Control Socket.
[   27.555303] systemd[1]: Listening on udev Kernel Socket.
[[0;32m  OK  [0m] Listening on udev Kernel Socket.
[   27.559162] systemd[1]: Reached target Encrypted Volumes.
[[0;32m  OK  [0m] Reached target Encrypted Volumes.
[   27.561819] systemd[1]: Created slice User and Session Slice.
[[0;32m  OK  [0m] Created slice User and Session Slice.
[   27.569193] systemd[1]: Reached target Slices.
[[0;32m  OK  [0m] Reached target Slices.
[   27.587531] systemd[1]: Listening on LVM2 poll daemon socket.
[[0;32m  OK  [0m] Listening on LVM2 poll daemon socket.
[   27.602535] systemd[1]: Set up automount Arbitrary Executable File Formats File System Automount Point.
[[0;32m  OK  [0m] Set up automount Arbitrary Executab...ats File System Automount Point.
[   27.628201] EXT4-fs (sda1): re-mounted. Opts: (null)
[   27.720791] systemd[1]: Listening on /dev/initctl Compatibility Named Pipe.
[[0;32m  OK  [0m] Listening on /dev/initctl Compatibility Named Pipe.
[   27.969023] systemd[1]: Listening on Journal Audit Socket.
[[0;32m  OK  [0m] Listening on Journal Audit Socket.
[   28.112848] systemd[1]: Starting Load Kernel Modules...
         Starting Load Kernel Modules...
[   28.221330] systemd[1]: Started Trigger resolvconf update for networkd DNS.
[[0;32m  OK  [0m] Started Trigger resolvconf update for networkd DNS.
[   28.260938] systemd[1]: Listening on Syslog Socket.
[[0;32m  OK  [0m] Listening on Syslog Socket.
[   28.335927] systemd[1]: Listening on LVM2 metadata daemon socket.
[[0;32m  OK  [0m] Listening on LVM2 metadata daemon socket.
[   28.404886] systemd[1]: Starting Monitoring of LVM2 mirrors, snapshots etc. using dmeventd or progress polling...
         Starting Monitoring of LVM2 mirrors... dmeventd or progress polling...
[   28.532824] systemd[1]: Mounting Huge Pages File System...
         Mounting Huge Pa[   28.567370] Loading iSCSI transport class v2.0-870.
ges File System...
[   28.574420] systemd[1]: Starting Set console keymap...
         Starting Set console keymap...
[   28.577153] systemd[1]: Starting Uncomplicated firewall...
         Starting Uncomplicated firewall...
[   28.601821] systemd[1]: Starting Journal Service...
         Starting Journal Service...
[   28.606899] systemd[1]: Mounted Huge Pages File System.
[[0;32m  OK  [0m] Mounted Huge Pages File System.
[   28.626777] systemd[1]: Mounted Debug File System.
[[0;32m  OK  [0m] Mounted Debug File System.
[   28.630549] systemd[1]: Mounted POSIX Message Queue File System.
[[0;32m  OK  [0m] Mounted POSIX Message Queue File System.
[   28.633746] systemd[1]: Started Create list of required static device nodes for the current kernel.
[[0;32m  OK  [0m] Started Create list of required sta...ce nodes for the current kernel.
[   28.637819] systemd[1]: Started Remount Root and Kernel File Systems.
[[0;32m  OK  [0m] Started Remount Root and Kernel File Systems.
[   28.764913] systemd[1]: Starting Load/Save Random Seed...
         Starting Load/Save Random Seed...
[   28.819184] systemd[1]: Starting Initial cloud-init job (pre-networking)...
         Starting Initial[   28.840423] iscsi: registered transport (tcp)
 cloud-init job (pre-networking)...
[   29.188962] systemd[1]: Starting udev Coldplug all Devices...
         Starting udev Coldplug all Devices...
[   29.249035] systemd[1]: Starting Create Static Device Nodes in /dev...
         Starting Create Static Device Nodes in /dev...
[   29.257847] systemd[1]: Started Uncomplicated firewall.
[[0;32m  OK  [0m] Started Uncomplicated firewall.
[   29.276958] systemd[1]: Started Nameserver information manager.
[[0;32m  OK  [0m] Started Nameserver information manager.
[   29.327463] systemd[1]: Started Load/Save Random Seed.
[[0;32m  OK  [0m] Started Load/Save Random Seed.
[   29.521543] systemd[1]: Started udev Coldplug all Devices.
[[0;32m  OK  [0m] Started udev Coldplug all Devices.
[   29.767985] systemd[1]: Started Set console keymap.
[[0;32m  OK  [0m] Started Set console keymap.
[   29.964271] systemd[1]: Started Journal Service.
[[0;32m  OK  [0m] Started Journal Service.
         Starting Flush Journal to Persistent Storage...
[   30.393620] systemd-journald[400]: Received request to flush runtime journal from PID 1
[[0;32m  OK  [[   30.461854] iscsi: registered transport (iser)
0m] Started Flush Journal to Persistent Storage.
[[0;32m  OK  [0m] Started Load Kernel Modules.
[[0;32m  OK  [0m] Started LVM2 metadata daemon.
         Starting Apply Kernel Variables...
         Mounting FUSE Control File System...
[[0;32m  OK  [0m] Mounted FUSE Control File System.
[[0;32m  OK  [0m] Started Apply Kernel Variables.
[[0;32m  OK  [0m] Started Monitoring of LVM2 mirrors,...ng dmeventd or progress polling.
[[0;32m  OK  [0m] Started Create Static Device Nodes in /dev.
         Starting udev Kernel Device Manager...
[[0;32m  OK  [0m] Started udev Kernel Device Manager.
[[0;32m  OK  [0m] Started Dispatch Password Requests to Console Directory Watch.
[[0;32m  OK  [0m] Reached target Local File Systems (Pre).
[[0;32m  OK  [0m] Reached target Local File Systems.
         Starting Tell Plymouth To Write Out Runtime Data...
         Starting Set console font and keymap...
         Starting Commit a transient machine-id on disk...
         Starting LSB: AppArmor initialization...
         Starting Create Volatile Files and Directories...
[[0;32m  OK  [0m] Started Commit a transient machine-id on disk.
[[0;32m  OK  [0m] Started Tell Plymouth To Write Out Runtime Data.
[[0;32m  OK  [0m] Started Create Volatile Files and Directories.
[[0;32m  OK  [0m] Found device /dev/ttyS0.
         Starting Update UTMP about System Boot/Shutdown...
[[0;32m  OK  [0m] Reached target System Time Synchronized.
[[0;32m  OK  [0m] Started Update UTMP about System Boot/Shutdown.
[[0;32m  OK  [0m] Listening on Load/Save RF Kill Switch Status /dev/rfkill Watch.
[[0;32m  OK  [0m] Started Set console font and keymap.
[[0;32m  OK  [0m] Created slice system-getty.slice.
[[0;32m  OK  [0m] Started LSB: AppArmor initialization.
[   50.077281] cloud-init[411]: Cloud-init v. 0.7.9 running 'init-local' at Sun, 13 Aug 2017 09:13:22 +0000. Up 49.14 seconds.
[[0;32m  OK  [0m] Started Initial cloud-init job (pre-networking).
[[0;32m  OK  [0m] Reached target Network (Pre).
         Starting Raise network interfaces...
[[0;32m  OK  [0m] Started Raise network interfaces.
         Starting Initial cloud-init job (metadata service crawler)...
[[0;32m  OK  [0m] Reached target Network.
[   53.306690] cloud-init[944]: Cloud-init v. 0.7.9 running 'init' at Sun, 13 Aug 2017 09:13:24 +0000. Up 51.21 seconds.
[   53.376447] cloud-init[944]: ci-info: ++++++++++++++++++++++++++++++++++++++Net device info++++++++++++++++++++++++++++++++++++++
[   53.376756] cloud-init[944]: ci-info: +--------+-------+----------------------------+---------------+-------+-------------------+
[[0;32m  OK  [0m] Started Initial cloud-init job (metadata service crawler).
[   53.376931] cloud-init[944]: ci-info: | Device |   Up  |          Address           |      Mask     | Scope |     Hw-Address    |
[   53.524160] cloud-init[944]: ci-info: +--------+-------+----------------------------+---------------+-------+-------------------+
[   53.524552] cloud-init[944]: ci-info: |   lo   |  True |         127.0.0.1          |   255.0.0.0   |   .   |         .         |
[[0;32m  OK  [0m] Reached target Network is Online.
[   53.524794] cloud-init[944]: ci-info: |   lo   |  True |          ::1/128           |       .       |  host |         .         |
[   53.736417] cloud-init[944]: ci-info: | enp0s3 |  True |         10.0.2.15          | 255.255.255.0 |   .   | 02:50:7f:03:3f:72 |
[   53.736842] cloud-init[944]: ci-info: | enp0s3 |  True | fe80::50:7fff:fe03:3f72/64 |       .       |  link | 02:50:7f:03:3f:72 |
         Starting iSCSI initiator daemon (iscsid)...
[   53.737025] cloud-init[944]: ci-info: | enp0s8 | False |             .              |       .       |   .   | 08:00:27:50:ef:1e |
[   53.926037] cloud-init[944]: ci-info: +--------+-------+----------------------------+---------------+-------+-------------------+
[   53.926380] cloud-init[944]: ci-info: +++++++++++++++++++++++++++Route IPv4 info++++++++++++++++++++++++++++
[   53.926565] cloud-init[944]: ci-info: +-------+-------------+----------+---------------+-----------+-------+
[   53.926768] cloud-init[944]: ci-info: | Route | Destination | Gateway  |    Genmask    | Interface | Flags |
[   53.926960] cloud-init[944]: ci-info: +-------+-------------+----------+---------------+-----------+-------+
[   53.927167] cloud-init[944]: ci-info: |   0   |   0.0.0.0   | 10.0.2.2 |    0.0.0.0    |   enp0s3  |   UG  |
[   53.927340] cloud-init[944]: ci-info: |   1   |   10.0.2.0  | 0.0.0.0  | 255.255.255.0 |   enp0s3  |   U   |
[   53.927533] cloud-init[944]: ci-info: +-------+-------------+----------+---------------+-----------+-------+
[   53.928097] cloud-init[944]: Generating public/private rsa key pair.
[[0;32m  OK  [0m] Reached target Cloud-config availability.
[[   53.928356] cloud-init[944]: Your identification has been saved in /etc/ssh/ssh_host_rsa_key.
[   54.022744] cloud-init[944]: Your public key has been saved in /etc/ssh/ssh_host_rsa_key.pub.
[   54.022875] cloud-init[944]: The key fingerprint is:
[   54.023053] cloud-init[944]: SHA256:w/3AtHhSbM5U+P1TvK9nbgcGq6EWOJoI/eYpdjHGeAE root@ubuntu-xenial
[   54.023272] cloud-init[944]: The key's randomart image is:
[0;32m  OK  [0m] Reached target System Initialization.
         [   54.023435] cloud-init[944]: +---[RSA 2048]----+
[   54.144429] cloud-init[944]: |           ..    |
[   54.144570] cloud-init[944]: |  E      ...     |
[   54.144776] cloud-init[944]: |   .      *. . . |
[   54.144957] cloud-init[944]: |    .  . @ .o . o|
[   54.145181] cloud-init[944]: | . o . .S O  o .o|
[   54.145350] cloud-init[944]: |. o * o .+.o. oo.|
[   54.145538] cloud-init[944]: | . = = . o o.. .o|
Starting Socket activation for snappy daemon.
[   54.145765] cloud-init[944]: |  + *.  o .     *|
[   54.374324] cloud-init[944]: | . =o  .      .*o|
[   54.374746] cloud-init[944]: +----[SHA256]-----+
[   54.375017] cloud-init[944]: Generating public/private dsa key pair.
[[0;32m  OK  [0m] Listening on D-Bus System Message Bus Socket.
[   54.375606] cloud-init[944]: Your identification has been saved in /etc/ssh/ssh_host_dsa_key.
[   54.465880] cloud-init[944]: Your public key has been saved in /etc/ssh/ssh_host_dsa_key.pub.
[   54.466317] cloud-init[944]: The key fingerprint is:
[   54.466522] cloud-init[944]: SHA256:1cr7nZh4Tqugjxhg0rLZ28aDwKGmei9NwjZoE0lx0gA root@ubuntu-xenial
[   54.466728] cloud-init[944]: The key's randomart image is:
[[0;32m  OK  [0m] Listening on ACPID Listen Socket.
[   54.466925] cloud-init[944]: +---[DSA 1024]----+
[   54.620609] cloud-init[944]: |E++.             |
[   54.621025] cloud-init[[944]: [0;32m  OK  [0m| .o.       .     |] 
Started Daily Cleanup of Temporary Directories.
[   54.621670] cloud-init[944]: |. .       . .    |
[   54.808656] cloud-init[944]: | =       o .     |
[   54.809088] cloud-init[944]: |=o*     S o      |
[   54.811636] cloud-init[944]: |+%=..      .     |
[   54.811810] cloud-init[944]: |*ooB.   . . .    |
[   54.812140] cloud-init[944]: |. +o=o o . +.= . |
[   54.812377] cloud-init[944]: |o..++.o.. o+* o  |
[   54.812656] cloud-init[944]: +----[SHA256]-----+
[   54.812952] cloud-init[944]: Generating public/private ecdsa key pair.
[   54.813226] cloud-init[944]: Your identification has been saved in /etc/ssh/ssh_host_ecdsa_key.
[   54.813532] cloud-init[944]: Your public key has been saved in /etc/ssh/ssh_host_ecdsa_key.pub.
[   54.813827] cloud-init[944]: The key fingerprint is:
[   54.814100] cloud-init[944]: SHA256:0Sc6wZ9hCETBjPgA0nUYx6cuj6ntS0DsnYdkH0XFwV0 root@ubuntu-xenial
[   54.814395] cloud-init[944]: The key's randomart image is:
[   54.814667] cloud-init[944]: +---[ECDSA 256]---+
[   54.814970] cloud-init[944]: |oo ooXBoo+oo .E  |
[   54.815276] cloud-init[944]: |..+ oo++.oo .    |
[   54.815544] cloud-init[944]: |  ooo .o= = .    |
[   54.815845] cloud-init[944]: | o +.+.. * =     |
[   54.817966] cloud-init[944]: |  o +.o S o      |
[   54.818184] cloud-init[944]: |   ....  .       |
[   54.818485] cloud-init[944]: |    .=           |
[   54.818790] cloud-init[944]: |   oo .          |
[   54.819056] cloud-init[944]: |  .o+.           |
[   54.820461] cloud-init[944]: +----[SHA256]-----+
[   54.820691] cloud-init[944]: Generating public/private ed25519 key pair.
[   54.820984] cloud-init[944]: Your identification has been saved in /etc/ssh/ssh_host_ed25519_key.
[   54.821261] cloud-init[944]: Your public key has been saved in /etc/ssh/ssh_host_ed25519_key.pub.
[   54.821473] cloud-init[944]: The key fingerprint is:
[   54.821664] cloud-init[944]: SHA256:7NK55AOh3ba+dAJ4DMbFE5gpne1YJgeIl/ZZGa8uL4k root@ubuntu-xenial
[[0;32m  OK  [0m] Started ACPI Events Check.
[[0;32m  OK  [0m] Reached target Paths.
[   54.821722] cloud-init[944]: The key's randomart image is:
[   55.086967] cloud-init[944]: +--[ED25519 256]--+
[   55.087397] cloud-init[944]: | . +.O++         |
[   55.087589] cloud-init[944]: |. *.B.X.         |
[   55.087803] cloud-init[944]: | o o+X ..        |
[   55.087979] cloud-init[944]: |   .++oo         |
         Starting LXD - unix socket.
[   55.088413] cloud-init[944]: |    .o=oS        |
[   55.183977] cloud-init[944]: |    .oo+o.       |
[   55.184371] cloud-init[944]: |   ...ooB..      |
[[0;32m  OK  [0m] Listening on UUID daemon activation socket.
[[   55.184559] cloud-init[944]: |  E oo =o+       |
[0;32m  OK  [0m] Started Daily apt download activities.
[   55.270056] cloud-init[944]: |     ...=o       |
[   55.372101] cloud-init[944]: +----[SHA256]-----+
[[0;32m  OK  [0m] Started Daily apt upgrade and clean activities.
[[0;32m  OK  [0m] Started Timer to automatically refresh installed snaps.
[[0;32m  OK  [0m] Reached target Timers.
[[0;32m  OK  [0m] Listening on Socket activation for snappy daemon.
[[0;32m  OK  [0m] Listening on LXD - unix socket.
[[0;32m  OK  [0m] Reached target Sockets.
[[0;32m  OK  [0m] Reached target Basic System.
         Starting Apply the settings specified in cloud-config...
         Starting LXD - container startup/shutdown...
         Starting Login Service...
         Starting LSB: MD monitoring daemon...
[[0;32m  OK  [0m] Started Snappy daemon.
[[0;32m  OK  [0m] Started Deferred execution scheduler.
[[0;32m  OK  [0m] Started Unattended Upgrades Shutdown.
         Starting /etc/rc.local Compatibility...
[[0;32m  OK  [0m] Started FUSE filesystem for LXC.
         Starting Pollinate to seed the pseudo random number generator...
         Starting Auto import assertions from block devices...
[[0;32m  OK  [0m] Started ACPI event daemon.
         Starting System Logging Service...
[[0;32m  OK  [0m] Started D-Bus System Message Bus.
[   60.489458] cloud-init[1041]: Generating locales (this might take a while)...
         Starting Accounts Service...
         Starting LSB: Record successful boot for GRUB...
[[0;32m  OK  [0m] Started Regular background program processing daemon.
[[0;32m  OK  [0m] Started System Logging Service.
[[0;32m  OK  [0m] Started iSCSI initiator daemon (iscsid).
[[0;32m  OK  [0m] Started /etc/rc.local Compatibility.
[[0;32m  OK  [0m] Started Auto import assertions from block devices.
         Starting Login to default iSCSI targets...
[[0;32m  OK  [0m] Started Login Service.
[[0;32m  OK  [0m] Started Login to default iSCSI targets.
[[0;32m  OK  [0m] Reached target Remote File Systems (Pre).
[[0;32m  OK  [0m] Reached target Remote File Systems.
         Starting LSB: daemon to balance interrupts for SMP systems...
         Starting LSB: automatic crash report generation...
         Starting LSB: VirtualBox Linux Additions...
         Starting LSB: Set the CPU Frequency Scaling governor to "ondemand"...
         Starting Permit User Sessions...
[[0;32m  OK  [0m] Started LSB: Record successful boot for GRUB.
[[0;32m  OK  [0m] Started LSB: Set the CPU Frequency Scaling governor to "ondemand".
[[0;32m  OK  [0m] Started LSB: MD monitoring daemon.
[[0;32m  OK  [0m] Started Permit User Sessions.
         Starting Terminate Plymouth Boot Screen...
         Starting Hold until boot process finishes up...
[[0;32m  OK  [0m] Started Terminate Plymouth Boot Screen.
[[0;32m  OK  [0m] Started Hold until boot process finishes up.
         Starting Set console scheme...
[[0;32m  OK  [0m] Started Getty on tty1.
[[0;32m  OK  [0m] Started Serial Getty on ttyS0.
[[0;32m  OK  [0m] Reached target Login Prompts.
[[0;32m  OK  [0m] Started LSB: automatic crash report generation.
[[0;32m  OK  [0m] Started LSB: daemon to balance interrupts for SMP systems.
[[0;32m  OK  [0m] Started Set console scheme.
         Starting Authenticate and Authorize Users to Run Privileged Tasks...
[[0;32m  OK  [0m] Started LSB: VirtualBox Linux Additions.
[   65.465269] cloud-init[1041]:   en_US.UTF-8... done
[   65.480478] cloud-init[1041]: Generation complete.
[[0;32m  OK  [0m] Started Authenticate and Authorize Users to Run Privileged Tasks.
[[0;32m  OK  [0m] Started Accounts Service.

Ubuntu 16.04.3 LTS ubuntu-xenial ttyS0

ubuntu-xenial login: [   71.216637] cloud-init[1041]: Cloud-init v. 0.7.9 running 'modules:config' at Sun, 13 Aug 2017 09:13:28 +0000. Up 55.99 seconds.
ci-info: no authorized ssh keys fingerprints found for user ubuntu.
<14>Aug 13 09:13:44 ec2: 
<14>Aug 13 09:13:44 ec2: #############################################################
<14>Aug 13 09:13:44 ec2: -----BEGIN SSH HOST KEY FINGERPRINTS-----
<14>Aug 13 09:13:44 ec2: 1024 SHA256:1cr7nZh4Tqugjxhg0rLZ28aDwKGmei9NwjZoE0lx0gA root@ubuntu-xenial (DSA)
<14>Aug 13 09:13:44 ec2: 256 SHA256:0Sc6wZ9hCETBjPgA0nUYx6cuj6ntS0DsnYdkH0XFwV0 root@ubuntu-xenial (ECDSA)
<14>Aug 13 09:13:44 ec2: 256 SHA256:7NK55AOh3ba+dAJ4DMbFE5gpne1YJgeIl/ZZGa8uL4k root@ubuntu-xenial (ED25519)
<14>Aug 13 09:13:44 ec2: 2048 SHA256:w/3AtHhSbM5U+P1TvK9nbgcGq6EWOJoI/eYpdjHGeAE root@ubuntu-xenial (RSA)
<14>Aug 13 09:13:44 ec2: -----END SSH HOST KEY FINGERPRINTS-----
<14>Aug 13 09:13:44 ec2: #############################################################
-----BEGIN SSH HOST KEY KEYS-----
ecdsa-sha2-nistp256 AAAAE2VjZHNhLXNoYTItbmlzdHAyNTYAAAAIbmlzdHAyNTYAAABBBKoUcWWBUPK3GD4VBf0OZeqaNzBkl99mVsus+2IBMbATm7h7fDnHpE09DwnaR4VP/rrFzeMfEPAhjHh/eiWMqvk= root@ubuntu-xenial
ssh-ed25519 AAAAC3NzaC1lZDI1NTE5AAAAIMv4VPzZm0LipPUkmYxFmWMZA3/FIb/pQkcKuab2lDFQ root@ubuntu-xenial
ssh-rsa AAAAB3NzaC1yc2EAAAADAQABAAABAQDHZN/qiI5XWR3wOSdWG/IYt8DT6rh9k8/qSZ+S/+eRzAPQkN07dWOuKSxRBRnhbqTkg1/1+eoF8825trsAfnPxuQSGoKmqC2Fe7q0u5lQ2RzUDFnkBUGu5BKDMAMphsTQcdvRH/0EOwN1eXQL8NCrpWTJgflwjkQJNjTIJfwbcVcoxWBtV5SUOUEPRs3a+GHU+0RU0YBa8IW7upNRtX9t//BfC9BZwyrLJwvzpiwCP28BzBw4WGKq6b1GqK/ysxo6RwR/LYQ9FKetCKmKnLoO73D0k7ffhahH8iCHDXSNbC5/QR5xU1xYUeo+dyOxY4IYQ8ySP1nAODeM6XI/Y5lnz root@ubuntu-xenial
-----END SSH HOST KEY KEYS-----
[   71.963846] cloud-init[1323]: Cloud-init v. 0.7.9 running 'modules:final' at Sun, 13 Aug 2017 09:13:44 +0000. Up 71.72 seconds.
[   71.964122] cloud-init[1323]: ci-info: no authorized ssh keys fingerprints found for user ubuntu.
[   71.964285] cloud-init[1323]: Cloud-init v. 0.7.9 finished at Sun, 13 Aug 2017 09:13:44 +0000. Datasource DataSourceNoCloud [seed=/dev/sdb][dsmode=net].  Up 71.95 seconds
[0[[0;32m  OK  [0m] Unmounted /var/lib/lxcfs.
[[0;32m  OK  [0m] Stopped Snappy daemon.
[[0;32m  OK  [0m] Stopped Deferred execution scheduler.
[[0;32m  OK  [0m] Stopped ACPI event daemon.
[[0;32m  OK  [0m] Stopped System Logging Service.
[[0;32m  OK  [0m] Stopped Accounts Service.
[[0;32m  OK  [0m] Stopped Regular background program processing daemon.
[[0;32m  OK  [0m] Stopped Getty on tty1.
[[0;32m  OK  [0m] Stopped Serial Getty on ttyS0.
[[0;32m  OK  [0m] Stopped Authenticate and Authorize Users to Run Privileged Tasks.
[[0;32m  OK  [0m] Stopped OpenBSD Secure Shell server.
[[0;32m  OK  [0m] Stopped Daemon for generating UUIDs.
[[0;32m  OK  [0m] Stopped User Manager for UID 1000.
[[0;32m  OK  [0m] Stopped Session 20 of user ubuntu.
[[0;32m  OK  [0m] Stopped BIND Domain Name Server.
[[0;32m  OK  [0m] Stopped D-Bus System Message Bus.
[[0;32m  OK  [0m] Stopped FUSE filesystem for LXC.
[[0;32m  OK  [0m] Stopped LSB: daemon to balance interrupts for SMP systems.
[[0;32m  OK  [0m] Stopped Unattended Upgrades Shutdown.
[[0;32m  OK  [0m] Stopped LSB: Set the CPU Frequency Scaling governor to "ondemand".
[[0;32m  OK  [0m] Stopped LSB: VirtualBox Linux Additions.
[[0;32m  OK  [0m] Stopped LSB: MD monitoring daemon.
[[0;32m  OK  [0m] Stopped LSB: Record successful boot for GRUB.
[[0;32m  OK  [0m] Stopped LXD - container startup/shutdown.
[[0;32m  OK  [0m] Stopped LSB: automatic crash report generation.
[[0;32m  OK  [0m] Removed slice User Slice of ubuntu.
         Stopping Login Service...
[[0;32m  OK  [0m] Removed slice system-serial\x2dgetty.slice.
[[0;32m  OK  [0m] Removed slice system-getty.slice.
[[0;32m  OK  [0m] Stopped /etc/rc.local Compatibility.
         Stopping Permit User Sessions...
[[0;32m  OK  [0m] Stopped Login Service.
[[0;32m  OK  [0m] Stopped Permit User Sessions.
[[0;32m  OK  [0m] Stopped target Remote File Systems.
[[0;32m  OK  [0m] Stopped target Remote File Systems (Pre).
         Stopping Login to default iSCSI targets...
[[0;32m  OK  [0m] Stopped target User and Group Name Lookups.
[[0;32m  OK  [0m] Stopped target Basic System.
[[0;32m  OK  [0m] Stopped target Slices.
[[0;32m  OK  [0m] Removed slice User and Session Slice.
[[0;32m  OK  [0m] Stopped target Paths.
[[0;32m  OK  [0m] Stopped Dispatch Password Requests to Console Directory Watch.
[[0;32m  OK  [0m] Stopped Forward Password Requests to Wall Directory Watch.
[[0;32m  OK  [0m] Stopped ACPI Events Check.
[[0;32m  OK  [0m] Stopped target Sockets.
[[0;32m  OK  [0m] Closed D-Bus System Message Bus Socket.
[[0;32m  OK  [0m] Closed UUID daemon activation socket.
[[0;32m  OK  [0m] Closed Syslog Socket.
[[0;32m  OK  [0m] Closed LXD - unix socket.
[[0;32m  OK  [0m] Closed ACPID Listen Socket.
[[0;32m  OK  [0m] Closed Socket activation for snappy daemon.
[[0;32m  OK  [0m] Stopped target System Initialization.
[[0;32m  OK  [0m] Stopped target Swap.
         Stopping Update UTMP about System Boot/Shutdown...
         Stopping Load/Save Random Seed...
[[0;32m  OK  [0m] Stopped Commit a transient machine-id on disk.
[[0;32m  OK  [0m] Stopped target Encrypted Volumes.
[[0;32m  OK  [0m] Stopped Load/Save Random Seed.
[[0;32m  OK  [0m] Stopped Update UTMP about System Boot/Shutdown.
[[0;32m  OK  [0m] Stopped Create Volatile Files and Directories.
[[0;32m  OK  [0m] Stopped Login to default iSCSI targets.
         Stopping iSCSI initiator daemon (iscsid)...
[[0;32m  OK  [0m] Stopped iSCSI initiator daemon (iscsid).
[[0;32m  OK  [0m] Stopped target Network is Online.
[[0;32m  OK  [0m] Stopped Initial cloud-init job (metadata service crawler).
[[0;32m  OK  [0m] Stopped target Network.
         Stopping Raise network interfaces...
[[0;32m  OK  [0m] Stopped Raise network interfaces.
[[0;32m  OK  [0m] Stopped Apply Kernel Variables.
[[0;32m  OK  [0m] Stopped Load Kernel Modules.
[[0;32m  OK  [0m] Stopped target Local File Systems.
         Unmounting /run/user/1000...
         Unmounting /vagrant...
[[0;32m  OK  [0m] Stopped target Network (Pre).
[[0;32m  OK  [0m] Stopped Initial cloud-init job (pre-networking).
[[0;32m  OK  [0m] Unmounted /run/user/1000.
[[0;32m  OK  [0m] Unmounted /vagrant.
[[0;32m  OK  [0m] Reached target Unmount All Filesystems.
[[0;32m  OK  [0m] Stopped target Local File Systems (Pre).
[[0;32m  OK  [0m] Stopped Remount Root and Kernel File Systems.
         Stopping Monitoring of LVM2 mirrors... dmeventd or progress polling...
[[0;32m  OK  [0m] Stopped Create Static Device Nodes in /dev.
[[0;32m  OK  [0m] Reached target Shutdown.
[47376.086827] reboot: Power down
