[    0.000000] Initializing cgroup subsys cpuset
[    0.000000] Initializing cgroup subsys cpu
[    0.000000] Initializing cgroup subsys cpuacct
[    0.000000] Linux version 4.4.0-91-generic (buildd@lcy01-11) (gcc version 5.4.0 20160609 (Ubuntu 5.4.0-6ubuntu1~16.04.4) ) #114-Ubuntu SMP Tue Aug 8 11:56:56 UTC 2017 (Ubuntu 4.4.0-91.114-generic 4.4.76)
[    0.000000] Command line: BOOT_IMAGE=/boot/vmlinuz-4.4.0-91-generic root=LABEL=cloudimg-rootfs ro console=tty1 console=ttyS0
[    0.000000] KERNEL supported cpus:
[    0.000000]   Intel GenuineIntel
[    0.000000]   AMD AuthenticAMD
[    0.000000]   Centaur CentaurHauls
[    0.000000] x86/fpu: xstate_offset[2]:  576, xstate_sizes[2]:  256
[    0.000000] x86/fpu: Supporting XSAVE feature 0x01: 'x87 floating point registers'
[    0.000000] x86/fpu: Supporting XSAVE feature 0x02: 'SSE registers'
[    0.000000] x86/fpu: Supporting XSAVE feature 0x04: 'AVX registers'
[    0.000000] x86/fpu: Enabled xstate features 0x7, context size is 832 bytes, using 'standard' format.
[    0.000000] x86/fpu: Using 'lazy' FPU context switches.
[    0.000000] e820: BIOS-provided physical RAM map:
[    0.000000] BIOS-e820: [mem 0x0000000000000000-0x000000000009fbff] usable
[    0.000000] BIOS-e820: [mem 0x000000000009fc00-0x000000000009ffff] reserved
[    0.000000] BIOS-e820: [mem 0x00000000000f0000-0x00000000000fffff] reserved
[    0.000000] BIOS-e820: [mem 0x0000000000100000-0x000000003ffeffff] usable
[    0.000000] BIOS-e820: [mem 0x000000003fff0000-0x000000003fffffff] ACPI data
[    0.000000] BIOS-e820: [mem 0x00000000fec00000-0x00000000fec00fff] reserved
[    0.000000] BIOS-e820: [mem 0x00000000fee00000-0x00000000fee00fff] reserved
[    0.000000] BIOS-e820: [mem 0x00000000fffc0000-0x00000000ffffffff] reserved
[    0.000000] NX (Execute Disable) protection: active
[    0.000000] SMBIOS 2.5 present.
[    0.000000] Hypervisor detected: KVM
[    0.000000] e820: last_pfn = 0x3fff0 max_arch_pfn = 0x400000000
[    0.000000] MTRR: Disabled
[    0.000000] x86/PAT: MTRRs disabled, skipping PAT initialization too.
[    0.000000] x86/PAT: Configuration [0-7]: WB  WT  UC- UC  WB  WT  UC- UC  
[    0.000000] CPU MTRRs all blank - virtualized system.
[    0.000000] found SMP MP-table at [mem 0x0009fff0-0x0009ffff] mapped at [ffff88000009fff0]
[    0.000000] Scanning 1 areas for low memory corruption
[    0.000000] RAMDISK: [mem 0x36ac6000-0x3755afff]
[    0.000000] ACPI: Early table checksum verification disabled
[    0.000000] ACPI: RSDP 0x00000000000E0000 000024 (v02 VBOX  )
[    0.000000] ACPI: XSDT 0x000000003FFF0030 00003C (v01 VBOX   VBOXXSDT 00000001 ASL  00000061)
[    0.000000] ACPI: FACP 0x000000003FFF00F0 0000F4 (v04 VBOX   VBOXFACP 00000001 ASL  00000061)
[    0.000000] ACPI: DSDT 0x000000003FFF0470 0021C8 (v02 VBOX   VBOXBIOS 00000002 INTL 20100528)
[    0.000000] ACPI: FACS 0x000000003FFF0200 000040
[    0.000000] ACPI: FACS 0x000000003FFF0200 000040
[    0.000000] ACPI: APIC 0x000000003FFF0240 000054 (v02 VBOX   VBOXAPIC 00000001 ASL  00000061)
[    0.000000] ACPI: SSDT 0x000000003FFF02A0 0001CC (v01 VBOX   VBOXCPUT 00000002 INTL 20100528)
[    0.000000] No NUMA configuration found
[    0.000000] Faking a node at [mem 0x0000000000000000-0x000000003ffeffff]
[    0.000000] NODE_DATA(0) allocated [mem 0x3ffeb000-0x3ffeffff]
[    0.000000] kvm-clock: Using msrs 4b564d01 and 4b564d00
[    0.000000] kvm-clock: cpu 0, msr 0:3ffe3001, primary cpu clock
[    0.000000] kvm-clock: using sched offset of 4718562577 cycles
[    0.000000] clocksource: kvm-clock: mask: 0xffffffffffffffff max_cycles: 0x1cd42e4dffb, max_idle_ns: 881590591483 ns
[    0.000000] Zone ranges:
[    0.000000]   DMA      [mem 0x0000000000001000-0x0000000000ffffff]
[    0.000000]   DMA32    [mem 0x0000000001000000-0x000000003ffeffff]
[    0.000000]   Normal   empty
[    0.000000]   Device   empty
[    0.000000] Movable zone start for each node
[    0.000000] Early memory node ranges
[    0.000000]   node   0: [mem 0x0000000000001000-0x000000000009efff]
[    0.000000]   node   0: [mem 0x0000000000100000-0x000000003ffeffff]
[    0.000000] Initmem setup node 0 [mem 0x0000000000001000-0x000000003ffeffff]
[    0.000000] ACPI: PM-Timer IO Port: 0x4008
[    0.000000] IOAPIC[0]: apic_id 1, version 32, address 0xfec00000, GSI 0-23
[    0.000000] ACPI: INT_SRC_OVR (bus 0 bus_irq 0 global_irq 2 dfl dfl)
[    0.000000] ACPI: INT_SRC_OVR (bus 0 bus_irq 9 global_irq 9 high level)
[    0.000000] Using ACPI (MADT) for SMP configuration information
[    0.000000] smpboot: Allowing 1 CPUs, 0 hotplug CPUs
[    0.000000] PM: Registered nosave memory: [mem 0x00000000-0x00000fff]
[    0.000000] PM: Registered nosave memory: [mem 0x0009f000-0x0009ffff]
[    0.000000] PM: Registered nosave memory: [mem 0x000a0000-0x000effff]
[    0.000000] PM: Registered nosave memory: [mem 0x000f0000-0x000fffff]
[    0.000000] e820: [mem 0x40000000-0xfebfffff] available for PCI devices
[    0.000000] Booting paravirtualized kernel on KVM
[    0.000000] clocksource: refined-jiffies: mask: 0xffffffff max_cycles: 0xffffffff, max_idle_ns: 7645519600211568 ns
[    0.000000] setup_percpu: NR_CPUS:512 nr_cpumask_bits:512 nr_cpu_ids:1 nr_node_ids:1
[    0.000000] PERCPU: Embedded 33 pages/cpu @ffff88003fc00000 s98264 r8192 d28712 u2097152
[    0.000000] PV qspinlock hash table entries: 256 (order: 0, 4096 bytes)
[    0.000000] Built 1 zonelists in Node order, mobility grouping on.  Total pages: 257913
[    0.000000] Policy zone: DMA32
[    0.000000] Kernel command line: BOOT_IMAGE=/boot/vmlinuz-4.4.0-91-generic root=LABEL=cloudimg-rootfs ro console=tty1 console=ttyS0
[    0.000000] PID hash table entries: 4096 (order: 3, 32768 bytes)
[    0.000000] Memory: 1001872K/1048120K available (8474K kernel code, 1294K rwdata, 3984K rodata, 1488K init, 1316K bss, 46248K reserved, 0K cma-reserved)
[    0.000000] SLUB: HWalign=64, Order=0-3, MinObjects=0, CPUs=1, Nodes=1
[    0.000000] Hierarchical RCU implementation.
[    0.000000] 	Build-time adjustment of leaf fanout to 64.
[    0.000000] 	RCU restricting CPUs from NR_CPUS=512 to nr_cpu_ids=1.
[    0.000000] RCU: Adjusting geometry for rcu_fanout_leaf=64, nr_cpu_ids=1
[    0.000000] NR_IRQS:33024 nr_irqs:256 16
[    0.000000] Console: colour VGA+ 80x25
[    0.000000] console [tty1] enabled
[    0.000000] console [ttyS0] enabled
[    0.000000] tsc: Detected 2294.786 MHz processor
[    0.625861] Calibrating delay loop (skipped) preset value.. 4589.57 BogoMIPS (lpj=9179144)
[    0.627476] pid_max: default: 32768 minimum: 301
[    0.648378] ACPI: Core revision 20150930
[    0.650177] ACPI: 2 ACPI AML tables successfully acquired and loaded
[    0.668180] Security Framework initialized
[    0.668984] Yama: becoming mindful.
[    0.669768] AppArmor: AppArmor initialized
[    0.670652] Dentry cache hash table entries: 131072 (order: 8, 1048576 bytes)
[    0.672260] Inode-cache hash table entries: 65536 (order: 7, 524288 bytes)
[    0.677638] Mount-cache hash table entries: 2048 (order: 2, 16384 bytes)
[    0.680224] Mountpoint-cache hash table entries: 2048 (order: 2, 16384 bytes)
[    0.681595] Initializing cgroup subsys io
[    0.682443] Initializing cgroup subsys memory
[    0.683283] Initializing cgroup subsys devices
[    0.684154] Initializing cgroup subsys freezer
[    0.684994] Initializing cgroup subsys net_cls
[    0.685832] Initializing cgroup subsys perf_event
[    0.686754] Initializing cgroup subsys net_prio
[    0.687626] Initializing cgroup subsys hugetlb
[    0.688473] Initializing cgroup subsys pids
[    0.689401] CPU: Physical Processor ID: 0
[    0.690512] mce: CPU supports 0 MCE banks
[    0.691311] process: using mwait in idle threads
[    0.692184] Last level iTLB entries: 4KB 512, 2MB 8, 4MB 8
[    0.759970] Last level dTLB entries: 4KB 512, 2MB 32, 4MB 32, 1GB 0
[    0.859045] Freeing SMP alternatives memory: 32K (ffffffff820b9000 - ffffffff820c1000)
[    0.890122] ftrace: allocating 32131 entries in 126 pages
[    0.985478] smpboot: APIC(0) Converting physical 0 to logical package 0
[    1.001236] smpboot: Max logical packages: 1
[    1.002370] x2apic enabled
[    1.005181] Switched APIC routing to physical x2apic.
[    1.007237] ..TIMER: vector=0x30 apic1=0 pin1=2 apic2=-1 pin2=-1
[    1.113711] smpboot: CPU0: Intel(R) Core(TM) i7-3610QM CPU @ 2.30GHz (family: 0x6, model: 0x3a, stepping: 0x9)
[    1.133596] Performance Events: unsupported p6 CPU model 58 no PMU driver, software events only.
[    1.184736] KVM setup paravirtual spinlock
[    1.218371] x86: Booted up 1 node, 1 CPUs
[    1.219163] smpboot: Total of 1 processors activated (4589.57 BogoMIPS)
[    1.220537] devtmpfs: initialized
[    1.222820] evm: security.selinux
[    1.223516] evm: security.SMACK64
[    1.224222] evm: security.SMACK64EXEC
[    1.224964] evm: security.SMACK64TRANSMUTE
[    1.225756] evm: security.SMACK64MMAP
[    1.226525] evm: security.ima
[    1.284969] evm: security.capability
[    1.285835] clocksource: jiffies: mask: 0xffffffff max_cycles: 0xffffffff, max_idle_ns: 7645041785100000 ns
[    1.287575] futex hash table entries: 256 (order: 2, 16384 bytes)
[    1.288706] pinctrl core: initialized pinctrl subsystem
[    1.289801] RTC time:  6:58:45, date: 08/21/17
[    1.290754] NET: Registered protocol family 16
[    1.291744] cpuidle: using governor ladder
[    1.292542] cpuidle: using governor menu
[    1.293314] PCCT header not found.
[    1.294085] ACPI: bus type PCI registered
[    1.294889] acpiphp: ACPI Hot Plug PCI Controller Driver version: 0.5
[    1.296080] PCI: Using configuration type 1 for base access
[    1.300959] ACPI: Added _OSI(Module Device)
[    1.302956] ACPI: Added _OSI(Processor Device)
[    1.303799] ACPI: Added _OSI(3.0 _SCP Extensions)
[    1.304665] ACPI: Added _OSI(Processor Aggregator Device)
[    1.306181] ACPI: Executed 1 blocks of module-level executable AML code
[    1.309167] ACPI: Interpreter enabled
[    1.309914] ACPI: (supports S0 S5)
[    1.310625] ACPI: Using IOAPIC for interrupt routing
[    1.311676] PCI: Using host bridge windows from ACPI; if necessary, use "pci=nocrs" and report a bug
[    1.316505] ACPI: PCI Root Bridge [PCI0] (domain 0000 [bus 00-ff])
[    1.369599] acpi PNP0A03:00: _OSC: OS supports [ASPM ClockPM Segments MSI]
[    1.382327] acpi PNP0A03:00: _OSC failed (AE_NOT_FOUND); disabling ASPM
[    1.383458] acpi PNP0A03:00: fail to add MMCONFIG information, can't access extended PCI configuration space under this bridge.
[    1.404070] PCI host bridge to bus 0000:00
[    1.404882] pci_bus 0000:00: root bus resource [io  0x0000-0x0cf7 window]
[    1.406074] pci_bus 0000:00: root bus resource [io  0x0d00-0xffff window]
[    1.439611] pci_bus 0000:00: root bus resource [mem 0x000a0000-0x000bffff window]
[    1.441059] pci_bus 0000:00: root bus resource [mem 0x40000000-0xffdfffff window]
[    1.442519] pci_bus 0000:00: root bus resource [bus 00-ff]
[    1.445285] pci 0000:00:01.1: legacy IDE quirk: reg 0x10: [io  0x01f0-0x01f7]
[    1.446489] pci 0000:00:01.1: legacy IDE quirk: reg 0x14: [io  0x03f6]
[    1.449105] pci 0000:00:01.1: legacy IDE quirk: reg 0x18: [io  0x0170-0x0177]
[    1.468822] pci 0000:00:01.1: legacy IDE quirk: reg 0x1c: [io  0x0376]
[    1.481565] pci 0000:00:07.0: quirk: [io  0x4000-0x403f] claimed by PIIX4 ACPI
[    1.533464] pci 0000:00:07.0: quirk: [io  0x4100-0x410f] claimed by PIIX4 SMB
[    1.541511] ACPI: PCI Interrupt Link [LNKA] (IRQs 5 9 10 *11)
[    1.597669] ACPI: PCI Interrupt Link [LNKB] (IRQs 5 9 10 *11)
[    1.599164] ACPI: PCI Interrupt Link [LNKC] (IRQs 5 9 *10 11)
[    1.609848] ACPI: PCI Interrupt Link [LNKD] (IRQs 5 *9 10 11)
[    1.684980] ACPI: Enabled 2 GPEs in block 00 to 07
[    1.686212] vgaarb: setting as boot device: PCI:0000:00:02.0
[    1.687226] vgaarb: device added: PCI:0000:00:02.0,decodes=io+mem,owns=io+mem,locks=none
[    1.688743] vgaarb: loaded
[    1.689389] vgaarb: bridge control possible 0000:00:02.0
[    1.690549] SCSI subsystem initialized
[    1.691396] ACPI: bus type USB registered
[    1.692227] usbcore: registered new interface driver usbfs
[    1.693224] usbcore: registered new interface driver hub
[    1.715894] usbcore: registered new device driver usb
[    1.718220] PCI: Using ACPI for IRQ routing
[    1.719391] NetLabel: Initializing
[    1.834569] NetLabel:  domain hash size = 128
[    1.936727] NetLabel:  protocols = UNLABELED CIPSOv4
[    1.942640] NetLabel:  unlabeled traffic allowed by default
[    1.977271] amd_nb: Cannot enumerate AMD northbridges
[    1.978210] clocksource: Switched to clocksource kvm-clock
[    2.081772] AppArmor: AppArmor Filesystem Enabled
[    2.096674] pnp: PnP ACPI init
[    2.098106] pnp: PnP ACPI: found 3 devices
[    2.160015] clocksource: acpi_pm: mask: 0xffffff max_cycles: 0xffffff, max_idle_ns: 2085701024 ns
[    2.188774] NET: Registered protocol family 2
[    2.189718] TCP established hash table entries: 8192 (order: 4, 65536 bytes)
[    2.223394] TCP bind hash table entries: 8192 (order: 5, 131072 bytes)
[    2.224529] TCP: Hash tables configured (established 8192 bind 8192)
[    2.225638] UDP hash table entries: 512 (order: 2, 16384 bytes)
[    2.226702] UDP-Lite hash table entries: 512 (order: 2, 16384 bytes)
[    2.227853] NET: Registered protocol family 1
[    2.228696] pci 0000:00:00.0: Limiting direct PCI/PCI transfers
[    2.229752] pci 0000:00:01.0: Activating ISA DMA hang workarounds
[    2.230986] Unpacking initramfs...
[    3.998086] Freeing initrd memory: 10836K (ffff880036ac6000 - ffff88003755b000)
[    4.047365] RAPL PMU detected, API unit is 2^-32 Joules, 3 fixed counters 10737418240 ms ovfl timer
[    4.050524] hw unit of domain pp0-core 2^-0 Joules
[    4.051453] hw unit of domain package 2^-0 Joules
[    4.052333] hw unit of domain pp1-gpu 2^-0 Joules
[    4.053269] platform rtc_cmos: registered platform RTC device (no PNP device found)
[    4.054769] Scanning for low memory corruption every 60 seconds
[    4.057637] audit: initializing netlink subsys (disabled)
[    4.156140] audit: type=2000 audit(1503298732.759:1): initialized
[    4.204733] Initialise system trusted keyring
[    4.278246] HugeTLB registered 2 MB page size, pre-allocated 0 pages
[    4.280554] zbud: loaded
[    4.281291] VFS: Disk quotas dquot_6.6.0
[    4.282099] VFS: Dquot-cache hash table entries: 512 (order 0, 4096 bytes)
[    4.283548] squashfs: version 4.0 (2009/01/31) Phillip Lougher
[    4.284765] fuse init (API version 7.23)
[    4.342579] Key type big_key registered
[    4.374756] Allocating IMA MOK and blacklist keyrings.
[    4.375870] Key type asymmetric registered
[    4.376668] Asymmetric key parser 'x509' registered
[    4.377614] Block layer SCSI generic (bsg) driver version 0.4 loaded (major 249)
[    4.379099] io scheduler noop registered
[    4.379876] io scheduler deadline registered (default)
[    4.380827] io scheduler cfq registered
[    4.381694] pci_hotplug: PCI Hot Plug PCI Core version: 0.5
[    4.382727] pciehp: PCI Express Hot Plug Controller Driver version: 0.4
[    4.383974] ACPI: AC Adapter [AC] (on-line)
[    4.384834] input: Power Button as /devices/LNXSYSTM:00/LNXPWRBN:00/input/input0
[    4.386268] ACPI: Power Button [PWRF]
[    4.387108] input: Sleep Button as /devices/LNXSYSTM:00/LNXSLPBN:00/input/input1
[    4.388546] ACPI: Sleep Button [SLPF]
[    4.389918] ACPI: Battery Slot [BAT0] (battery present)
[    4.390903] GHES: HEST is not enabled!
[    4.391755] Serial: 8250/16550 driver, 32 ports, IRQ sharing enabled
[    4.415344] 00:02: ttyS0 at I/O 0x3f8 (irq = 4, base_baud = 115200) is a 16550A
[    4.473482] Linux agpgart interface v0.103
[    4.475217] loop: module loaded
[    4.476325] scsi host0: ata_piix
[    4.477073] scsi host1: ata_piix
[    4.477797] ata1: PATA max UDMA/33 cmd 0x1f0 ctl 0x3f6 bmdma 0xd000 irq 14
[    4.479002] ata2: PATA max UDMA/33 cmd 0x170 ctl 0x376 bmdma 0xd008 irq 15
[    4.480698] libphy: Fixed MDIO Bus: probed
[    4.493917] tun: Universal TUN/TAP device driver, 1.6
[    4.494878] tun: (C) 1999-2004 Max Krasnyansky <maxk@qualcomm.com>
[    4.495992] PPP generic driver version 2.4.2
[    4.496871] ehci_hcd: USB 2.0 'Enhnced' Host Controller (EHCI) Driver
[    4.673156] ehci-pci: EHCI PCI platform driver
[    4.687380] ehci-platform: EHCI generic platform driver
[    4.688339] ohci_hcd: USB 1.1 'Open' Host Controller (OHCI) Driver
[    4.689424] ohci-pci: OHCI PCI platform driver
[    4.690279] ohci-platform: OHCI generic platform driver
[    4.748599] uhci_hcd: USB Universal Host Controller Interface driver
[    4.749754] i8042: PNP: PS/2 Controller [PNP0303:PS2K,PNP0f03:PS2M] at 0x60,0x64 irq 1,12
[    4.751770] serio: i8042 KBD port at 0x60,0x64 irq 1
[    4.752726] serio: i8042 AUX port at 0x60,0x64 irq 12
[    4.753765] mousedev: PS/2 mouse device common for all mice
[    4.755047] input: AT Translated Set 2 keyboard as /devices/platform/i8042/serio0/input/input2
[    4.829732] rtc_cmos rtc_cmos: rtc core: registered rtc_cmos as rtc0
[    4.830932] rtc_cmos rtc_cmos: alarms up to one day, 114 bytes nvram
[    4.832046] i2c /dev entries driver
[    4.832859] device-mapper: uevent: version 1.0.3
[    4.833825] device-mapper: ioctl: 4.34.0-ioctl (2015-10-28) initialised: dm-devel@redhat.com
[    4.842299] ledtrig-cpu: registered to indicate activity on CPUs
[    4.849405] NET: Registered protocol family 10
[    4.850392] NET: Registered protocol family 17
[    4.851283] Key type dns_resolver registered
[    4.852247] microcode: CPU0 sig=0x306a9, pf=0x2, revision=0x19
[    4.853348] microcode: Microcode Update Driver: v2.01 <tigran@aivazian.fsnet.co.uk>, Peter Oruba
[    4.861294] registered taskstats version 1
[    4.862143] Loading compiled-in X.509 certificates
[    4.903442] Loaded X.509 cert 'Build time autogenerated kernel key: 0777615d5208f86b8b4bd2fb3aecc97a191f2831'
[    5.003760] zswap: loaded using pool lzo/zbud
[    5.005857] Key type trusted registered
[    5.008577] Key type encrypted registered
[    5.009414] AppArmor: AppArmor sha1 policy hashing enabled
[    5.060851] tsc: Refined TSC clocksource calibration: 2295.163 MHz
[    5.061932] clocksource: tsc: mask: 0xffffffffffffffff max_cycles: 0x21155bc3942, max_idle_ns: 440795281478 ns
[    5.063780] ima: No TPM chip found, activating TPM-bypass!
[    5.064795] evm: HMAC attrs: 0x1
[    5.065764]   Magic number: 13:666:974
[    5.066608] rtc_cmos rtc_cmos: setting system clock to 2017-08-21 06:58:48 UTC (1503298728)
[    5.146445] BIOS EDD facility v0.16 2004-Jun-25, 0 devices found
[    5.160687] EDD information not available.
[    5.162767] Freeing unused kernel memory: 1488K (ffffffff81f45000 - ffffffff820b9000)
[    5.164251] Write protecting the kernel read-only data: 14336k
[    5.186904] Freeing unused kernel memory: 1752K (ffff88000184a000 - ffff880001a00000)
[    5.205052] Freeing unused kernel memory: 112K (ffff880001de4000 - ffff880001e00000)
Loading, please wait...
starting version[    5.215390] random: udevadm: uninitialized urandom read (16 bytes read, 2 bits of entropy available)
 229
[    5.217457] random: udevadm: uninitialized urandom read (16 bytes read, 2 bits of entropy available)
[    5.246525] random: systemd-udevd: uninitialized urandom read (16 bytes read, 2 bits of entropy available)
[    5.248418] random: systemd-udevd: uninitialized urandom read (16 bytes read, 2 bits of entropy available)
[    5.250177] random: systemd-udevd: uninitialized urandom read (16 bytes read, 2 bits of entropy available)
[    5.355558] random: udevadm: uninitialized urandom read (16 bytes read, 2 bits of entropy available)
[    5.397775] random: udevadm: uninitialized urandom read (16 bytes read, 2 bits of entropy available)
[    5.533021] random: systemd-udevd: uninitialized urandom read (16 bytes read, 2 bits of entropy available)
[    5.555743] random: udevadm: uninitialized urandom read (16 bytes read, 2 bits of entropy available)
[    5.557477] random: udevadm: uninitialized urandom read (16 bytes read, 2 bits of entropy available)
[    5.648916] e1000: Intel(R) PRO/1000 Network Driver - version 7.3.21-k8-NAPI
[    5.711146] e1000: Copyright (c) 1999-2006 Intel Corporation.
[    5.717318] Fusion MPT base driver 3.04.20
[    5.751424] Copyright (c) 1999-2008 LSI Corporation
[    5.868595] AVX version of gcm_enc/dec engaged.
[    5.876111] AES CTR mode by8 optimization enabled
[    5.902033] Fusion MPT SPI Host driver 3.04.20
[    6.048070] input: ImExPS/2 Generic Explorer Mouse as /devices/platform/i8042/serio1/input/input4
[    6.298438] e1000 0000:00:03.0 eth0: (PCI:33MHz:32-bit) 02:50:7f:03:3f:72
[    6.305949] e1000 0000:00:03.0 eth0: Intel(R) PRO/1000 Network Connection
[    6.307691] mptbase: ioc0: Initiating bringup
[    6.370853] ioc0: LSI53C1030 A0: Capabilities={Initiator}
[    6.565292] scsi host2: ioc0: LSI53C1030 A0, FwRev=00000000h, Ports=1, MaxQ=256, IRQ=20
[    6.765284] scsi 2:0:0:0: Direct-Access     VBOX     HARDDISK         1.0  PQ: 0 ANSI: 5
[    6.780165] scsi target2:0:0: Beginning Domain Validation
[    6.784086] scsi target2:0:0: Domain Validation skipping write tests
[    6.880802] scsi target2:0:0: Ending Domain Validation
[    6.977929] scsi target2:0:0: asynchronous
[    7.053844] scsi 2:0:1:0: Direct-Access     VBOX     HARDDISK         1.0  PQ: 0 ANSI: 5
[    7.148318] scsi target2:0:1: Beginning Domain Validation
[    7.218789] scsi target2:0:1: Domain Validation skipping write tests
[    7.248440] scsi target2:0:1: Ending Domain Validation
[    7.275544] scsi target2:0:1: asynchronous
[    7.369427] sd 2:0:0:0: Attached scsi generic sg0 type 0
[    7.398316] sd 2:0:0:0: [sda] 20971520 512-byte logical blocks: (10.7 GB/10.0 GiB)
[    7.492732] sd 2:0:1:0: [sdb] 20480 512-byte logical blocks: (10.5 MB/10.0 MiB)
[    7.494491] sd 2:0:1:0: Attached scsi generic sg1 type 0
[    7.495508] sd 2:0:1:0: [sdb] Write Protect is off
[    7.496566] sd 2:0:1:0: [sdb] Incomplete mode parameter data
[    7.497588] sd 2:0:1:0: [sdb] Assuming drive cache: write through
[    7.532333] e1000 0000:00:08.0 eth1: (PCI:33MHz:32-bit) 08:00:27:13:05:f1
[    7.553064] e1000 0000:00:08.0 eth1: Intel(R) PRO/1000 Network Connection
[    7.555761] e1000 0000:00:08.0 enp0s8: renamed from eth1
[    7.558101] e1000 0000:00:03.0 enp0s3: renamed from eth0
[    7.560136] sd 2:0:0:0: [sda] Write Protect is off
[    7.561201] sd 2:0:0:0: [sda] Incomplete mode parameter data
[    7.562254] sd 2:0:0:0: [sda] Assuming drive cache: write through
[    7.613664]  sda: sda1
[    7.638968] sd 2:0:1:0: [sdb] Attached SCSI disk
[    7.651293] sd 2:0:0:0: [sda] Attached SCSI disk
[    8.886862] floppy0: no floppy controllers found
Begin: Loading e[   10.260609] md: linear personality registered for level -1
ssential drivers ... [   10.303570] md: multipath personality registered for level -4
[   10.330870] md: raid0 personality registered for level 0
[   10.334648] md: raid1 personality registered for level 1
[   10.406329] raid6: sse2x1   gen()  8208 MB/s
[   10.486337] raid6: sse2x1   xor()  6520 MB/s
[   10.618349] raid6: sse2x2   gen() 10253 MB/s
[   10.738362] raid6: sse2x2   xor()  7254 MB/s
[   10.926387] raid6: sse2x4   gen() 11926 MB/s
[   11.022398] raid6: sse2x4   xor()  8765 MB/s
[   11.038763] raid6: using algorithm sse2x4 gen() 11926 MB/s
[   11.077294] raid6: .... xor() 8765 MB/s, rmw enabled
[   11.078249] raid6: using ssse3x2 recovery algorithm
[   11.081166] xor: automatically using best checksumming function:
[   11.118396]    avx       : 16724.000 MB/sec
[   11.159577] async_tx: api initialized (async)
[   11.174712] md: raid6 personality registered for level 6
[   11.182027] md: raid5 personality registered for level 5
[   11.183015] md: raid4 personality registered for level 4
[   11.189317] md: raid10 personality registered for level 10
done.
Begin: Running /scripts/init-premount ... done.
Begin: Mounting root file system ... Begin: Running /scripts/local-top ... don[   11.222216] Btrfs loaded
e.
Begin: Running /scripts/local-premount ... Scanning for Btrfs filesystems
done.
Warning: fsck not present, so skipping root file system
[   11.487720] EXT4-fs (sda1): mounted filesystem with ordered data mode. Opts: (null)
done.
Begin: Running /scripts/local-bottom ... done.
Begin: Running /scripts/init-bottom ... done.
[   12.110202] random: nonblocking pool is initialized
[   12.653586] systemd[1]: systemd 229 running in system mode. (+PAM +AUDIT +SELINUX +IMA +APPARMOR +SMACK +SYSVINIT +UTMP +LIBCRYPTSETUP +GCRYPT +GNUTLS +ACL +XZ -LZ4 +SECCOMP +BLKID +ELFUTILS +KMOD -IDN)
[   12.731677] systemd[1]: Detected virtualization oracle.
[   12.732661] systemd[1]: Detected architecture x86-64.

Welcome to [1mUbuntu 16.04.3 LTS[0m!

[   12.826233] systemd[1]: Set hostname to <ubuntu>.
[   12.896393] systemd[1]: Initializing machine ID from random generator.
[   12.925673] systemd[1]: Installed transient /etc/machine-id file.
[   14.735785] systemd[1]: Listening on udev Kernel Socket.
[[0;32m  OK  [0m] Listening on udev Kernel Socket.
[   14.739702] systemd[1]: Reached target Swap.
[[0;32m  OK  [0m] Reached target Swap.
[   14.741763] systemd[1]: Listening on Syslog Socket.
[[0;32m  OK  [0m] Listening on Syslog Socket.
[   14.744276] systemd[1]: Created slice System Slice.
[[0;32m  OK  [0m] Created slice System Slice.
[   14.746672] systemd[1]: Created slice User and Session Slice.
[[0;32m  OK  [0m] Created slice User and Session Slice.
[   14.749095] systemd[1]: Started Trigger resolvconf update for networkd DNS.
[[0;32m  OK  [0m] Started Trigger resolvconf update for networkd DNS.
[   14.751858] systemd[1]: Listening on Journal Audit Socket.
[[0;32m  OK  [0m] Listening on Journal Audit Socket.
[   14.754301] systemd[1]: Set up automount Arbitrary Executable File Formats File System Automount Point.
[[0;32m  OK  [0m] Set up automount Arbitrary Executab...ats File System Automount Point.
[   14.757779] systemd[1]: Listening on LVM2 metadata daemon socket.
[[0;32m  OK  [0m] Listening on LVM2 metadata daemon socket.
[   14.763013] systemd[1]: Reached target User and Group Name Lookups.
[[0;32m  OK  [0m] Reached target User and Group Name Lookups.
[   14.814927] systemd[1]: Listening on /dev/initctl Compatibility Named Pipe.
[[0;32m  OK  [0m] Listening on /dev/initctl Compatibility Named Pipe.
[   14.830481] systemd[1]: Started Forward Password Requests to Wall Directory Watch.
[[0;32m  OK  [0m] Started Forward Password Requests to Wall Directory Watch.
[   14.840515] systemd[1]: Created slice system-serial\x2dgetty.slice.
[[0;32m  OK  [0m] Created slice system-serial\x2dgetty.slice.
[   14.878641] systemd[1]: Listening on udev Control Socket.
[[0;32m  OK  [0m] Listening on udev Control Socket.
[   14.921601] systemd[1]: Listening on Journal Socket (/dev/log).
[[0;32m  OK  [0m] Listening on Journal Socket (/dev/log).
[   14.984567] systemd[1]: Listening on Device-mapper event daemon FIFOs.
[[0;32m  OK  [0m] Listening on Device-mapper event daemon FIFOs.
[   15.051123] systemd[1]: Reached target Slices.
[[0;32m  OK  [0m] Reached target Slices.
[   15.053318] systemd[1]: Listening on LVM2 poll daemon socket.
[[0;32m  OK  [0m] Listening on LVM2 poll daemon socket.
[   15.111013] systemd[1]: Listening on Journal Socket.
[[0;32m  OK  [0m] Listening on Journal Socket.
[   15.162260] systemd[1]: Mounting Debug File System...
         Mounting Debug File System...
[   15.204412] systemd[1]: Starting Nameserver information manager...
         Starting Nameserver information manager...
[   15.209952] systemd[1]: Starting Journal Service...
         Starting Journal Service...
[   15.212819] systemd[1]: Starting Create list of required static device nodes for the current kernel...
         Starting Create list of required st... nodes for the current kernel...
[   15.228345] systemd[1]: Starting Monitoring of LVM2 mirrors, snapshots etc. using dmeventd or progress polling...
         Starting Monitoring of LVM2 mirrors... dmeventd or progress polling...
[   15.296781] systemd[1]: Starting Set console keymap...
         Starting Set console keymap...
[   15.370325] systemd[1]: Starting Load Kernel Modules...
         Starting Load Kernel Modules...
[   15.464353] systemd[1]: Mounting Huge Pages File System...
         Mounting Huge Pages File System...
[   15.511633] systemd[1]: Starting Uncomplicated firewall...
         Starting Uncomplicated firewall...
[   15.516477] systemd[1]: Starting Remount Root and Kernel File Systems...
         Starting Remount Root and Kernel File Systems...
[   15.520792] systemd[1]: Mounting POSIX Message Queue File System...
         Mounting POSIX Message Queue File System...
[   15.525761] systemd[1]: Reached target Encrypted Volumes.
[[0;32m  OK  [0m] Reached target Encrypted Volumes.
[   15.588190] systemd[1]: Mounted Huge Pages File System.
[[0;32m  OK  [0m] Mounted Huge Pages File System.
[   15.609162] systemd[1]: Mounted Debug File System.
[[0;32m  OK  [0m] Mounted Debug File System.
[   15.612733] systemd[1]: Mounted POSIX Message Queue File System.
[[0;32m  OK  [0m] Mounted POSIX Message Queue File System.
[   15.656910] systemd[1]: Started Create list of required static device nodes for the current kernel.
[[0;32m  OK  [0m] Started Create list of required sta...ce node[   15.731770] EXT4-fs (sda1): re-mounted. Opts: (null)
s for the current kernel.
[   15.764425] systemd[1]: Started Remount Root and Kernel File Systems.
[[0;32m  OK  [0m] Started Remount Root and Kernel File Systems.
[   15.797672] systemd[1]: Starting Initial cloud-init job (pre-networking)...
         Starting Initial cloud-init job (pre-networking)...
[   15.938133] Loading iSCSI transport class v2.0-870.
[   15.971046] systemd[1]: Starting udev Coldplug all Devices...
         Starting udev Coldplug all Devices...
[   16.091264] systemd[1]: Starting Load/Save Random Seed...
         Starting Load/Sa[   16.146163] iscsi: registered transport (tcp)
ve Random Seed...
[   16.169778] systemd[1]: Starting Create Static Device Nodes in /dev...
         Starting Create Static Device Nodes in /dev...
[   16.173794] systemd[1]: Started Set console keymap.
[[0;32m  OK  [0m] Started Set console keymap.
[   16.177655] systemd[1]: Started Uncomplicated firewall.
[[0;32m  OK  [0m] Started Uncomplicated firewall.
[   16.180372] systemd[1]: Started Nameserver information manager.
[[0;32m  OK  [0m] Started Nameserver information manager.
[   16.324146] systemd[1]: Started LVM2 metadata daemon.
[[0;32m  OK  [0m] Started LVM2 metadata daemon.
[   16.356588] systemd[1]: Started Journal Service.
[[0;32m  OK  [0m] Started Journal Service.
         Starting Flush Journal to Persistent Storage...
[[0;32m  OK  [0m] Started udev Coldplug all Devices.
[[0;32m  OK  [0m] Started Load/Save Random Seed.
[   16.894080] systemd-journald[383]: Received request to flush runtime journal from PID 1
[[0;32m  OK  [0m] Started Monitoring of LVM2 mirrors,...ng dmeventd or progress polling.
[   17.081137] iscsi: registered transport (iser)
[[0;32m  OK  [0m] Started Flush Journal to Persistent Storage.
[[0;32m  OK  [0m] Started Load Kernel Modules.
         Mounting FUSE Control File System...
         Starting Apply Kernel Variables...
[[0;32m  OK  [0m] Mounted FUSE Control File System.
[[0;32m  OK  [0m] Started Apply Kernel Variables.
[[0;32m  OK  [0m] Started Create Static Device Nodes in /dev.
         Starting udev Kernel Device Manager...
[[0;32m  OK  [0m] Started udev Kernel Device Manager.
[[0;32m  OK  [0m] Reached target Local File Systems (Pre).
[[0;32m  OK  [0m] Reached target Local File Systems.
         Starting Commit a transient machine-id on disk...
         Starting Tell Plymouth To Write Out Runtime Data...
         Starting Set console font and keymap...
         Starting LSB: AppArmor initialization...
         Starting Create Volatile Files and Directories...
[[0;32m  OK  [0m] Started Dispatch Password Requests to Console Directory Watch.
[[0;32m  OK  [0m] Started Commit a transient machine-id on disk.
[[0;32m  OK  [0m] Started Tell Plymouth To Write Out Runtime Data.
[[0;32m  OK  [0m] Started Create Volatile Files and Directories.
[[0;32m  OK  [0m] Reached target System Time Synchronized.
         Starting Update UTMP about System Boot/Shutdown...
[[0;32m  OK  [0m] Found device /dev/ttyS0.
[[0;32m  OK  [0m] Started Update UTMP about System Boot/Shutdown.
[[0;32m  OK  [0m] Started Set console font and keymap.
[[0;32m  OK  [0m] Created slice system-getty.slice.
[[0;32m  OK  [0m] Listening on Load/Save RF Kill Switch Status /dev/rfkill Watch.
[[0;32m  OK  [0m] Started LSB: AppArmor initialization.
[   29.530340] cloud-init[417]: Cloud-init v. 0.7.9 running 'init-local' at Mon, 21 Aug 2017 06:59:13 +0000. Up 28.67 seconds.
[[0;32m  OK  [0m] Started Initial cloud-init job (pre-networking).
[[0;32m  OK  [0m] Reached target Network (Pre).
         Starting Raise network interfaces...
[[0;32m  OK  [0m] Started Raise network interfaces.
[[0;32m  OK  [0m] Reached target Network.
         Starting Initial cloud-init job (metadata service crawler)...
[   32.731758] cloud-init[960]: Cloud-init v. 0.7.9 running 'init' at Mon, 21 Aug 2017 06:59:15 +0000. Up 30.49 seconds.
[[0;32m  OK  [0m] Started Initial cloud-init job (metadata service crawler).
[   32.815756] cloud-init[960]: ci-info: ++++++++++++++++++++++++++++++++++++++Net device info++++++++++++++++++++++++++++++++++++++
[   32.916743] cloud-init[960]: ci-info: +--------+-------+----------------------------+---------------+-------+-------------------+
[   33.024652] cloud-init[960]: ci-info: | Device |   Up  |          Address           |      Mask     | Scope |     Hw-Address    |
[[0;32m  OK  [0m] Reached target System Initialization.
[   33.046992] cloud-init[960]: ci-info: +--------+-------+----------------------------+---------------+-------+-------------------+
[   33.049224] cloud-init[960]: ci-info: | enp0s3 |  True |         10.0.2.15          | 255.255.255.0 |   .   | 02:50:7f:03:3f:72 |
[   33.053615] cloud-init[960]: ci-info: | enp0s3 |  True | fe80::50:7fff:fe03:3f72/64 |       .       |  link | 02:50:7f:03:3f:72 |
[   33.056814] cloud-init[960]: ci-info: |   lo   |  True |         127.0.0.1          |   255.0.0.0   |   .   |         .         |
[   33.065023] cloud-init[960]: ci-info: |   lo   |  True |          ::1/128           |       .       |  host |         .         |
[[0;32m  OK  [0m] Started ACPI Events Check.[   33.104379] cloud-init[960]: ci-info: | enp0s8 | False |             .              |       .       |   .   | 08:00:27:13:05:f1 |
[   33.106094] cloud-init[960]: ci-info: +--------+-------+----------------------------+---------------+-------+-------------------+
[   33.107806] 
[[0;32m  OK  [0m] Reached target Paths.
         Starting Socket activation for snappy daemon.
[[0;32m  OK  [0m] Started Daily Cleanup of Temporary Directories.
[[0;32m  OK  [0m] Started Timer to automatically refresh installed snaps.
[[0;32m  OK  [0m] Listening on D-Bus System Message Bus Socket.
[[0;32m  OK  [0m] Listening on UUID daemon activation socket.
[[0;32m  OK  [0m] Listening on ACPID Listen Socket.
cloud-init[960]: ci-info: +++++++++++++++++++++++++++Route IPv4 info++++++++++++++++++++++++++++
[   33.160230] cloud-init[960]: ci-info: +-------+-------------+----------+---------------+-----------+-------+
         Starting LXD - unix socket.
[   33.254430] cloud-init[960]: ci-info: | Route | Destination | Gateway  |    Genmask    | Interface | Flags |
[[0;32m  OK  [0m] Reached target Cloud-config availability.
[   33.374213] cloud-init[960]: ci-info: +-------+-------------+----------+---------------+-----------+-------+
[[0;32m  OK  [0m] Reached target Network is Online.
[   33.455730] cloud-init[960]: ci-info: |   0   |   0.0.0.0   | 10.0.2.2 |    0.0.0.0    |   enp0s3  |   UG  |
[[0;32m  OK  [0m[   33.576645] cloud-init[960]: ci-info: |   1   |   10.0.2.0  | 0.0.0.0  | 255.255.255.0 |   enp0s3  |   U   |
[   33.576802] cloud-init[960]: ci-info: +-------+-------------+----------+---------------+-----------+-------+
[   33.577008] cloud-init[960]: Generating public/private rsa key pair.
[   33.577115] cloud-init[960]: Your identification has been saved in /etc/ssh/ssh_host_rsa_key.
[   33.577244] cloud-init[960]: Your public key has been saved in /etc/ssh/ssh_host_rsa_key.pub.
[   33.577424] cloud-init[960]: The key fingerprint is:
[   33.577519] cloud-init[960]: SHA256:td2I1p3tHPJQExTs2h75qI4GxsJOQo7V6ppfTFaF97M root@ubuntu-xenial
[   33.577611] cloud-init[960]: The key's randomart image is:
[   33.577708] cloud-init[960]: +---[RSA 2048]----+
[   33.577880] cloud-init[960]: |         ..   o+.|
[   33.577973] cloud-init[960]: |        ...    ..|
[   33.578064] cloud-init[960]: |     .  ....  .o |
[   33.578151] cloud-init[960]: |    o .. . =o+.+.|
[   33.578240] cloud-init[960]: |   = oo.S + +=*.o|
[   33.578371] cloud-init[960]: |  . +++ +.  E.+*.|
[   33.578461] cloud-init[960]: |   . +oo .    .o=|
[   33.578549] cloud-init[960]: |   ....   ..  ...|
[   33.578638] cloud-init[960]: |  oo.    ...o.   |
[   33.578733] cloud-init[960]: +----[SHA256]-----+
[   33.578864] cloud-init[960]: Generating public/private dsa key pair.
[   33.578967] cloud-init[960]: Your identification has been saved in /etc/ssh/ssh_host_dsa_key.
[   33.579057] cloud-init[960]: Your public key has been saved in /etc/ssh/ssh_host_dsa_key.pub.
[   33.579145] cloud-init[960]: The key fingerprint is:
[   33.579236] cloud-init[960]: SHA256:NE37eZ6o/uT9uGpYe1FBv7B8uyVSHgXdJKp+XSLDdUw root@ubuntu-xenial
[   33.579841] cloud-init[960]: The key's randomart image is:
[   33.579934] cloud-init[960]: +---[DSA 1024]----+
[   33.580026] cloud-init[960]: |          .   ++E|
[   33.580114] cloud-init[960]: |         o . . *+|
[   33.580211] cloud-init[960]: |        o o ... *|
] Started Daily apt download activities.
[[0;32m  OK  [0m] Started Daily apt upgrade and clean activities.
[   33.580423] cloud-init[960]: |       . . +.oooo|
[   33.975814] cloud-init[960]: |        S . *o=+.|
[   33.984991] cloud-init[960]: |         .  .Xo=.|
[[0;32m  OK  [0m] Reached target Timers.
         Starting iSCSI initiator daemon (iscsid)...
[[0;32m  OK  [0m] Listening on Socket activation for snappy daemon.
[   33.988377] cloud-init[960]: |          .o=.*o.|
[   33.992708] cloud-init[960]: |          .=oo.oo|
[   33.994044] cloud-init[960]: |         .oo+o++.|
[[   33.996615] cloud-init[960]: +----[SHA256]-----+
[   33.997858] cloud-init[960]: Generating public/private ecdsa key pair.
[   33.998413] cloud-init[960]: Your identification has been saved in /etc/ssh/ssh_host_ecdsa_key.
[   33.998451] cloud-init[960]: Your public key has been saved in /etc/ssh/ssh_host_ecdsa_key.pub.
[   33.998493] cloud-init[960]: The key fingerprint is:
[   33.998528] cloud-init[960]: SHA256:UBDYjvPjVSPsx5J7wxddjSoZ1Xm0HGL0kGC9h+ybEA0 root@ubuntu-xenial
[   33.998564] cloud-init[960]: The key's randomart image is:
[   33.998598] cloud-init[960]: +---[ECDSA 256]---+
[   33.998634] cloud-init[960]: |     ooo.  o+*.+.|
[   33.998669] cloud-init[960]: |    . ..  .EooB +|
[   33.998704] cloud-init[960]: |     o..   .+ o*.|
[   33.998737] cloud-init[960]: |    o ..o +. =..o|
[   33.998772] cloud-init[960]: |     o .S= +oo.. |
[   33.998825] cloud-init[960]: |      o = =.o..  |
[   33.998860] cloud-init[960]: |     . o = ...o  |
[   33.998897] cloud-init[960]: |      . . + .o   |
[   33.998937] cloud-init[960]: |         . o     |
[   33.998971] cloud-init[960]: +----[SHA256]-----+
[   33.999005] cloud-init[960]: Generating public/private ed25519 key pair.
[   33.999040] cloud-init[960]: Your identification has been saved in /etc/ssh/ssh_host_ed25519_key.
[   33.999183] cloud-init[960]: Your public key has been saved in /etc/ssh/ssh_host_ed25519_key.pub.
[   33.999227] cloud-init[960]: The key fingerprint is:
[   33.999264] cloud-init[960]: SHA256:d/MmP6Ar+zPM+SPbCCXZDxtAI7Zcfvd3vlcna61nefs root@ubuntu-xenial
[   33.999343] cloud-init[960]: The key's randomart image is:
[   33.999383] cloud-init[960]: +--[ED25519 256]--+
[   33.999418] cloud-init[960]: |      o +        |
[   33.999452] cloud-init[960]: |     o * .       |
[   33.999487] cloud-init[960]: |      o o . .    |
[   33.999524] cloud-init[960]: |         = . .   |
[   33.999560] cloud-init[960]: |        S * o . o|
[   33.999595] cloud-init[960]: |         + *.o.o+|
[   33.999629] cloud-init[960]: |        .o.oo.o+=|
[   33.999665] cloud-init[960]: |        ..Oo.++.B|
[0;32m  OK  [0m] Listening on LXD - unix socket.
[   34.004831] cloud-init[960]: |        .+=BoooBE|
[   34.132327] cloud-init[960]: +----[SHA256]-----+
[[0;32m  OK  [0m] Reached target Sockets.
[[0;32m  OK  [0m] Reached target Basic System.
         Starting Apply the settings specified in cloud-config...
         Starting Accounts Service...
         Starting Login Service...
[[0;32m  OK  [0m] Started ACPI event daemon.
[[0;32m  OK  [0m] Started FUSE filesystem for LXC.
[[0;32m  OK  [0m] Started Deferred execution scheduler.
[[0;32m  OK  [0m] Started Unattended Upgrades Shutdown.
         Starting /etc/rc.local Compatibility...
[[0;32m  OK  [0m] Started D-Bus System Message Bus.
[   35.851807] cloud-init[1056]: Generating locales (this might take a while)...
         Starting Pollinate to seed the pseudo random number generator...
         Starting LXD - container startup/shutdown...
[[0;32m  OK  [0m] Started Regular background program processing daemon.
         Starting System Logging Service...
         Starting LSB: MD monitoring daemon...
         Starting LSB: Record successful boot for GRUB...
[[0;32m  OK  [0m] Started Snappy daemon.
         Starting Auto import assertions from block devices...
[[0;32m  OK  [0m] Started iSCSI initiator daemon (iscsid).
[[0;32m  OK  [0m] Started /etc/rc.local Compatibility.
[[0;32m  OK  [0m] Started Auto import assertions from block devices.
[[0;32m  OK  [0m] Started Login Service.
         Starting Login to default iSCSI targets...
         Starting Authenticate and Authorize Users to Run Privileged Tasks...
[[0;32m  OK  [0m] Started LSB: Record successful boot for GRUB.
[[0;32m  OK  [0m] Started Login to default iSCSI targets.
[[0;32m  OK  [0m] Reached target Remote File Systems (Pre).
[[0;32m  OK  [0m] Reached target Remote File Systems.
         Starting LSB: VirtualBox Linux Additions...
         Starting Permit User Sessions...
         Starting LSB: Set the CPU Frequency Scaling governor to "ondemand"...
         Starting LSB: daemon to balance interrupts for SMP systems...
         Starting LSB: automatic crash report generation...
[[0;32m  OK  [0m] Started LSB: Set the CPU Frequency Scaling governor to "ondemand".
[[0;32m  OK  [0m] Started System Logging Service.
[[0;32m  OK  [0m] Started Permit User Sessions.
         Starting Hold until boot process finishes up...
         Starting Terminate Plymouth Boot Screen...
[[0;32m  OK  [0m] Started Hold until boot process finishes up.
[[0;32m  OK  [0m] Started Terminate Plymouth Boot Screen.
[[0;32m  OK  [0m] Started Serial Getty on ttyS0.
[[0;32m  OK  [0m] Started Getty on tty1.
[[0;32m  OK  [0m] Reached target Login Prompts.
         Starting Set console scheme...
[[0;32m  OK  [0m] Started LSB: MD monitoring daemon.
[[0;32m  OK  [0m] Started Set console scheme.
[[0;32m  OK  [0m] Started LSB: daemon to balance interrupts for SMP systems.
[[0;32m  OK  [0m] Started LSB: automatic crash report generation.
[[0;32m  OK  [0m] Started Authenticate and Authorize Users to Run Privileged Tasks.
[[0;32m  OK  [0m] Started Accounts Service.
[[0;32m  OK  [0m] Started LSB: VirtualBox Linux Additions.
[   44.071978] cloud-init[1056]:   en_US.UTF-8... done
[   44.074300] cloud-init[1056]: Generation complete.

Ubuntu 16.04.3 LTS ubuntu-xenial ttyS0

ubuntu-xenial login: [   48.752711] cloud-init[1056]: Cloud-init v. 0.7.9 running 'modules:config' at Mon, 21 Aug 2017 06:59:19 +0000. Up 34.50 seconds.
ci-info: no authorized ssh keys fingerprints found for user ubuntu.
<14>Aug 21 06:59:34 ec2: 
<14>Aug 21 06:59:34 ec2: #############################################################
<14>Aug 21 06:59:34 ec2: -----BEGIN SSH HOST KEY FINGERPRINTS-----
<14>Aug 21 06:59:34 ec2: 1024 SHA256:NE37eZ6o/uT9uGpYe1FBv7B8uyVSHgXdJKp+XSLDdUw root@ubuntu-xenial (DSA)
<14>Aug 21 06:59:34 ec2: 256 SHA256:UBDYjvPjVSPsx5J7wxddjSoZ1Xm0HGL0kGC9h+ybEA0 root@ubuntu-xenial (ECDSA)
<14>Aug 21 06:59:34 ec2: 256 SHA256:d/MmP6Ar+zPM+SPbCCXZDxtAI7Zcfvd3vlcna61nefs root@ubuntu-xenial (ED25519)
<14>Aug 21 06:59:34 ec2: 2048 SHA256:td2I1p3tHPJQExTs2h75qI4GxsJOQo7V6ppfTFaF97M root@ubuntu-xenial (RSA)
<14>Aug 21 06:59:34 ec2: -----END SSH HOST KEY FINGERPRINTS-----
<14>Aug 21 06:59:34 ec2: #############################################################
-----BEGIN SSH HOST KEY KEYS-----
ecdsa-sha2-nistp256 AAAAE2VjZHNhLXNoYTItbmlzdHAyNTYAAAAIbmlzdHAyNTYAAABBBDWhDgUW42gpBUheTWXBXDJohYWpLry4osdqKzmnB5RPcN1psSfRwEHGpqHDTT/WKJXH7KHxTUg1L0uooTsYwdY= root@ubuntu-xenial
ssh-ed25519 AAAAC3NzaC1lZDI1NTE5AAAAIIUtPMM8OgLAzf7d9SULZrsQp56AsB8jPiePmpNwsvBb root@ubuntu-xenial
ssh-rsa AAAAB3NzaC1yc2EAAAADAQABAAABAQDUdNKM6qJ3nXn2+ZFX/G1Tr+zqj2orsMKi+/V7KVEyRRyO2wy2wRdSYG6KbcFbaxpT9ORD9Nf4Ma6HvjnTtH90Juyd9nuotpTzyJpVgkO0y44LboWU07T+Cvz+TSHF5qaG5W5nMaIDfVWUp/haNejVi8S9Du3KjAsxRD0rE4DUmJZo8G1vAMumQ9udfzX0W3WQfcWz3esDiMZGUbPa66qwmPi1/vMr1VfXWJRrx+6zr60y/ldHWkYg0wG5NlWv41ShqISq914WMKpv72zgl98t9GdwKfQTByRFgPPeZPHrRoUd2CQZ0xKdswt5l5WFdGuG0sXRiudRadcCxjJLGcnR root@ubuntu-xenial
-----END SSH HOST KEY KEYS-----
[   49.263685] cloud-init[1351]: Cloud-init v. 0.7.9 running 'modules:final' at Mon, 21 Aug 2017 06:59:34 +0000. Up 49.08 seconds.
[   49.263857] cloud-init[1351]: ci-info: no authorized ssh keys fingerprints found for user ubuntu.
[   49.263995] cloud-init[1351]: Cloud-init v. 0.7.9 finished at Mon, 21 Aug 2017 06:59:34 +0000. Datasource DataSourceNoCloud [seed=/dev/sdb][dsmode=net].  Up 49.25 seconds
