[    0.000000] Initializing cgroup subsys cpuset
[    0.000000] Initializing cgroup subsys cpu
[    0.000000] Initializing cgroup subsys cpuacct
[    0.000000] Linux version 4.4.0-91-generic (buildd@lcy01-11) (gcc version 5.4.0 20160609 (Ubuntu 5.4.0-6ubuntu1~16.04.4) ) #114-Ubuntu SMP Tue Aug 8 11:56:56 UTC 2017 (Ubuntu 4.4.0-91.114-generic 4.4.76)
[    0.000000] Command line: BOOT_IMAGE=/boot/vmlinuz-4.4.0-91-generic root=LABEL=cloudimg-rootfs ro console=tty1 console=ttyS0
[    0.000000] KERNEL supported cpus:
[    0.000000]   Intel GenuineIntel
[    0.000000]   AMD AuthenticAMD
[    0.000000]   Centaur CentaurHauls
[    0.000000] x86/fpu: xstate_offset[2]:  576, xstate_sizes[2]:  256
[    0.000000] x86/fpu: Supporting XSAVE feature 0x01: 'x87 floating point registers'
[    0.000000] x86/fpu: Supporting XSAVE feature 0x02: 'SSE registers'
[    0.000000] x86/fpu: Supporting XSAVE feature 0x04: 'AVX registers'
[    0.000000] x86/fpu: Enabled xstate features 0x7, context size is 832 bytes, using 'standard' format.
[    0.000000] x86/fpu: Using 'lazy' FPU context switches.
[    0.000000] e820: BIOS-provided physical RAM map:
[    0.000000] BIOS-e820: [mem 0x0000000000000000-0x000000000009fbff] usable
[    0.000000] BIOS-e820: [mem 0x000000000009fc00-0x000000000009ffff] reserved
[    0.000000] BIOS-e820: [mem 0x00000000000f0000-0x00000000000fffff] reserved
[    0.000000] BIOS-e820: [mem 0x0000000000100000-0x000000003ffeffff] usable
[    0.000000] BIOS-e820: [mem 0x000000003fff0000-0x000000003fffffff] ACPI data
[    0.000000] BIOS-e820: [mem 0x00000000fec00000-0x00000000fec00fff] reserved
[    0.000000] BIOS-e820: [mem 0x00000000fee00000-0x00000000fee00fff] reserved
[    0.000000] BIOS-e820: [mem 0x00000000fffc0000-0x00000000ffffffff] reserved
[    0.000000] NX (Execute Disable) protection: active
[    0.000000] SMBIOS 2.5 present.
[    0.000000] Hypervisor detected: KVM
[    0.000000] e820: last_pfn = 0x3fff0 max_arch_pfn = 0x400000000
[    0.000000] MTRR: Disabled
[    0.000000] x86/PAT: MTRRs disabled, skipping PAT initialization too.
[    0.000000] x86/PAT: Configuration [0-7]: WB  WT  UC- UC  WB  WT  UC- UC  
[    0.000000] CPU MTRRs all blank - virtualized system.
[    0.000000] found SMP MP-table at [mem 0x0009fff0-0x0009ffff] mapped at [ffff88000009fff0]
[    0.000000] Scanning 1 areas for low memory corruption
[    0.000000] RAMDISK: [mem 0x36ac6000-0x3755afff]
[    0.000000] ACPI: Early table checksum verification disabled
[    0.000000] ACPI: RSDP 0x00000000000E0000 000024 (v02 VBOX  )
[    0.000000] ACPI: XSDT 0x000000003FFF0030 00003C (v01 VBOX   VBOXXSDT 00000001 ASL  00000061)
[    0.000000] ACPI: FACP 0x000000003FFF00F0 0000F4 (v04 VBOX   VBOXFACP 00000001 ASL  00000061)
[    0.000000] ACPI: DSDT 0x000000003FFF0470 0021C8 (v02 VBOX   VBOXBIOS 00000002 INTL 20100528)
[    0.000000] ACPI: FACS 0x000000003FFF0200 000040
[    0.000000] ACPI: FACS 0x000000003FFF0200 000040
[    0.000000] ACPI: APIC 0x000000003FFF0240 000054 (v02 VBOX   VBOXAPIC 00000001 ASL  00000061)
[    0.000000] ACPI: SSDT 0x000000003FFF02A0 0001CC (v01 VBOX   VBOXCPUT 00000002 INTL 20100528)
[    0.000000] No NUMA configuration found
[    0.000000] Faking a node at [mem 0x0000000000000000-0x000000003ffeffff]
[    0.000000] NODE_DATA(0) allocated [mem 0x3ffeb000-0x3ffeffff]
[    0.000000] kvm-clock: Using msrs 4b564d01 and 4b564d00
[    0.000000] kvm-clock: cpu 0, msr 0:3ffe3001, primary cpu clock
[    0.000000] kvm-clock: using sched offset of 27165466178 cycles
[    0.000000] clocksource: kvm-clock: mask: 0xffffffffffffffff max_cycles: 0x1cd42e4dffb, max_idle_ns: 881590591483 ns
[    0.000000] Zone ranges:
[    0.000000]   DMA      [mem 0x0000000000001000-0x0000000000ffffff]
[    0.000000]   DMA32    [mem 0x0000000001000000-0x000000003ffeffff]
[    0.000000]   Normal   empty
[    0.000000]   Device   empty
[    0.000000] Movable zone start for each node
[    0.000000] Early memory node ranges
[    0.000000]   node   0: [mem 0x0000000000001000-0x000000000009efff]
[    0.000000]   node   0: [mem 0x0000000000100000-0x000000003ffeffff]
[    0.000000] Initmem setup node 0 [mem 0x0000000000001000-0x000000003ffeffff]
[    0.000000] ACPI: PM-Timer IO Port: 0x4008
[    0.000000] IOAPIC[0]: apic_id 1, version 32, address 0xfec00000, GSI 0-23
[    0.000000] ACPI: INT_SRC_OVR (bus 0 bus_irq 0 global_irq 2 dfl dfl)
[    0.000000] ACPI: INT_SRC_OVR (bus 0 bus_irq 9 global_irq 9 high level)
[    0.000000] Using ACPI (MADT) for SMP configuration information
[    0.000000] smpboot: Allowing 1 CPUs, 0 hotplug CPUs
[    0.000000] PM: Registered nosave memory: [mem 0x00000000-0x00000fff]
[    0.000000] PM: Registered nosave memory: [mem 0x0009f000-0x0009ffff]
[    0.000000] PM: Registered nosave memory: [mem 0x000a0000-0x000effff]
[    0.000000] PM: Registered nosave memory: [mem 0x000f0000-0x000fffff]
[    0.000000] e820: [mem 0x40000000-0xfebfffff] available for PCI devices
[    0.000000] Booting paravirtualized kernel on KVM
[    0.000000] clocksource: refined-jiffies: mask: 0xffffffff max_cycles: 0xffffffff, max_idle_ns: 7645519600211568 ns
[    0.000000] setup_percpu: NR_CPUS:512 nr_cpumask_bits:512 nr_cpu_ids:1 nr_node_ids:1
[    0.000000] PERCPU: Embedded 33 pages/cpu @ffff88003fc00000 s98264 r8192 d28712 u2097152
[    0.000000] PV qspinlock hash table entries: 256 (order: 0, 4096 bytes)
[    0.000000] Built 1 zonelists in Node order, mobility grouping on.  Total pages: 257913
[    0.000000] Policy zone: DMA32
[    0.000000] Kernel command line: BOOT_IMAGE=/boot/vmlinuz-4.4.0-91-generic root=LABEL=cloudimg-rootfs ro console=tty1 console=ttyS0
[    0.000000] PID hash table entries: 4096 (order: 3, 32768 bytes)
[    0.000000] Memory: 1001872K/1048120K available (8474K kernel code, 1294K rwdata, 3984K rodata, 1488K init, 1316K bss, 46248K reserved, 0K cma-reserved)
[    0.000000] SLUB: HWalign=64, Order=0-3, MinObjects=0, CPUs=1, Nodes=1
[    0.000000] Hierarchical RCU implementation.
[    0.000000] 	Build-time adjustment of leaf fanout to 64.
[    0.000000] 	RCU restricting CPUs from NR_CPUS=512 to nr_cpu_ids=1.
[    0.000000] RCU: Adjusting geometry for rcu_fanout_leaf=64, nr_cpu_ids=1
[    0.000000] NR_IRQS:33024 nr_irqs:256 16
[    0.000000] Console: colour VGA+ 80x25
[    0.000000] console [tty1] enabled
[    0.000000] console [ttyS0] enabled
[    0.000000] tsc: Detected 2294.804 MHz processor
[    1.037265] Calibrating delay loop (skipped) preset value.. 4589.60 BogoMIPS (lpj=9179216)
[    1.038923] pid_max: default: 32768 minimum: 301
[    1.041220] ACPI: Core revision 20150930
[    1.042957] ACPI: 2 ACPI AML tables successfully acquired and loaded
[    1.044246] Security Framework initialized
[    1.052628] Yama: becoming mindful.
[    1.067986] AppArmor: AppArmor initialized
[    1.068927] Dentry cache hash table entries: 131072 (order: 8, 1048576 bytes)
[    1.085029] Inode-cache hash table entries: 65536 (order: 7, 524288 bytes)
[    1.087191] Mount-cache hash table entries: 2048 (order: 2, 16384 bytes)
[    1.109554] Mountpoint-cache hash table entries: 2048 (order: 2, 16384 bytes)
[    1.119723] Initializing cgroup subsys io
[    1.120533] Initializing cgroup subsys memory
[    1.121420] Initializing cgroup subsys devices
[    1.122283] Initializing cgroup subsys freezer
[    1.123146] Initializing cgroup subsys net_cls
[    1.123998] Initializing cgroup subsys perf_event
[    1.124929] Initializing cgroup subsys net_prio
[    1.125799] Initializing cgroup subsys hugetlb
[    1.133127] Initializing cgroup subsys pids
[    1.154693] CPU: Physical Processor ID: 0
[    1.155846] mce: CPU supports 0 MCE banks
[    1.158081] process: using mwait in idle threads
[    1.158962] Last level iTLB entries: 4KB 512, 2MB 8, 4MB 8
[    1.159950] Last level dTLB entries: 4KB 512, 2MB 32, 4MB 32, 1GB 0
[    1.184591] Freeing SMP alternatives memory: 32K (ffffffff820b9000 - ffffffff820c1000)
[    1.201478] ftrace: allocating 32131 entries in 126 pages
[    1.261586] smpboot: APIC(0) Converting physical 0 to logical package 0
[    1.268719] smpboot: Max logical packages: 1
[    1.269934] x2apic enabled
[    1.270775] Switched APIC routing to physical x2apic.
[    1.272956] ..TIMER: vector=0x30 apic1=0 pin1=2 apic2=-1 pin2=-1
[    1.420464] smpboot: CPU0: Intel(R) Core(TM) i7-3610QM CPU @ 2.30GHz (family: 0x6, model: 0x3a, stepping: 0x9)
[    1.436235] Performance Events: unsupported p6 CPU model 58 no PMU driver, software events only.
[    1.471362] KVM setup paravirtual spinlock
[    1.499740] x86: Booted up 1 node, 1 CPUs
[    1.500565] smpboot: Total of 1 processors activated (4589.60 BogoMIPS)
[    1.501973] devtmpfs: initialized
[    1.504261] evm: security.selinux
[    1.563751] evm: security.SMACK64
[    1.564450] evm: security.SMACK64EXEC
[    1.565242] evm: security.SMACK64TRANSMUTE
[    1.588053] evm: security.SMACK64MMAP
[    1.588841] evm: security.ima
[    1.589500] evm: security.capability
[    1.590418] clocksource: jiffies: mask: 0xffffffff max_cycles: 0xffffffff, max_idle_ns: 7645041785100000 ns
[    1.598695] futex hash table entries: 256 (order: 2, 16384 bytes)
[    1.599871] pinctrl core: initialized pinctrl subsystem
[    1.613168] RTC time: 13:35:16, date: 08/15/17
[    1.614158] NET: Registered protocol family 16
[    1.615240] cpuidle: using governor ladder
[    1.616059] cpuidle: using governor menu
[    1.622242] PCCT header not found.
[    1.623015] ACPI: bus type PCI registered
[    1.623803] acpiphp: ACPI Hot Plug PCI Controller Driver version: 0.5
[    1.625048] PCI: Using configuration type 1 for base access
[    1.628154] ACPI: Added _OSI(Module Device)
[    1.630149] ACPI: Added _OSI(Processor Device)
[    1.630995] ACPI: Added _OSI(3.0 _SCP Extensions)
[    1.631887] ACPI: Added _OSI(Processor Aggregator Device)
[    1.633462] ACPI: Executed 1 blocks of module-level executable AML code
[    1.636461] ACPI: Interpreter enabled
[    1.637218] ACPI: (supports S0 S5)
[    1.637930] ACPI: Using IOAPIC for interrupt routing
[    1.639015] PCI: Using host bridge windows from ACPI; if necessary, use "pci=nocrs" and report a bug
[    1.662897] ACPI: PCI Root Bridge [PCI0] (domain 0000 [bus 00-ff])
[    1.684436] acpi PNP0A03:00: _OSC: OS supports [ASPM ClockPM Segments MSI]
[    1.685614] acpi PNP0A03:00: _OSC failed (AE_NOT_FOUND); disabling ASPM
[    1.686759] acpi PNP0A03:00: fail to add MMCONFIG information, can't access extended PCI configuration space under this bridge.
[    1.780298] PCI host bridge to bus 0000:00
[    1.781098] pci_bus 0000:00: root bus resource [io  0x0000-0x0cf7 window]
[    1.782244] pci_bus 0000:00: root bus resource [io  0x0d00-0xffff window]
[    1.783429] pci_bus 0000:00: root bus resource [mem 0x000a0000-0x000bffff window]
[    1.784874] pci_bus 0000:00: root bus resource [mem 0x40000000-0xffdfffff window]
[    1.792119] pci_bus 0000:00: root bus resource [bus 00-ff]
[    1.794958] pci 0000:00:01.1: legacy IDE quirk: reg 0x10: [io  0x01f0-0x01f7]
[    1.814646] pci 0000:00:01.1: legacy IDE quirk: reg 0x14: [io  0x03f6]
[    1.815789] pci 0000:00:01.1: legacy IDE quirk: reg 0x18: [io  0x0170-0x0177]
[    1.817054] pci 0000:00:01.1: legacy IDE quirk: reg 0x1c: [io  0x0376]
[    1.915197] pci 0000:00:07.0: quirk: [io  0x4000-0x403f] claimed by PIIX4 ACPI
[    1.938652] pci 0000:00:07.0: quirk: [io  0x4100-0x410f] claimed by PIIX4 SMB
[    1.948120] ACPI: PCI Interrupt Link [LNKA] (IRQs 5 9 10 *11)
[    1.963976] ACPI: PCI Interrupt Link [LNKB] (IRQs 5 9 10 *11)
[    1.965572] ACPI: PCI Interrupt Link [LNKC] (IRQs 5 9 *10 11)
[    1.982480] ACPI: PCI Interrupt Link [LNKD] (IRQs 5 *9 10 11)
[    1.990530] ACPI: Enabled 2 GPEs in block 00 to 07
[    1.993826] vgaarb: setting as boot device: PCI:0000:00:02.0
[    2.000922] vgaarb: device added: PCI:0000:00:02.0,decodes=io+mem,owns=io+mem,locks=none
[    2.002484] vgaarb: loaded
[    2.003120] vgaarb: bridge control possible 0000:00:02.0
[    2.004519] SCSI subsystem initialized
[    2.018372] ACPI: bus type USB registered
[    2.035612] usbcore: registered new interface driver usbfs
[    2.036672] usbcore: registered new interface driver hub
[    2.049413] usbcore: registered new device driver usb
[    2.052005] PCI: Using ACPI for IRQ routing
[    2.058893] NetLabel: Initializing
[    2.073349] NetLabel:  domain hash size = 128
[    2.095203] NetLabel:  protocols = UNLABELED CIPSOv4
[    2.096145] NetLabel:  unlabeled traffic allowed by default
[    2.107660] amd_nb: Cannot enumerate AMD northbridges
[    2.108630] clocksource: Switched to clocksource kvm-clock
[    2.116457] AppArmor: AppArmor Filesystem Enabled
[    2.134212] pnp: PnP ACPI init
[    2.135699] pnp: PnP ACPI: found 3 devices
[    2.142390] clocksource: acpi_pm: mask: 0xffffff max_cycles: 0xffffff, max_idle_ns: 2085701024 ns
[    2.148798] NET: Registered protocol family 2
[    2.151220] TCP established hash table entries: 8192 (order: 4, 65536 bytes)
[    2.152450] TCP bind hash table entries: 8192 (order: 5, 131072 bytes)
[    2.153634] TCP: Hash tables configured (established 8192 bind 8192)
[    2.158387] UDP hash table entries: 512 (order: 2, 16384 bytes)
[    2.203397] UDP-Lite hash table entries: 512 (order: 2, 16384 bytes)
[    2.309641] NET: Registered protocol family 1
[    2.348436] pci 0000:00:00.0: Limiting direct PCI/PCI transfers
[    2.349562] pci 0000:00:01.0: Activating ISA DMA hang workarounds
[    2.350823] Unpacking initramfs...
[    4.137626] Freeing initrd memory: 10836K (ffff880036ac6000 - ffff88003755b000)
[    4.221075] RAPL PMU detected, API unit is 2^-32 Joules, 3 fixed counters 10737418240 ms ovfl timer
[    4.224181] hw unit of domain pp0-core 2^-0 Joules
[    4.225132] hw unit of domain package 2^-0 Joules
[    4.226008] hw unit of domain pp1-gpu 2^-0 Joules
[    4.226986] platform rtc_cmos: registered platform RTC device (no PNP device found)
[    4.243611] Scanning for low memory corruption every 60 seconds
[    4.244967] audit: initializing netlink subsys (disabled)
[    4.245977] audit: type=2000 audit(1502804146.767:1): initialized
[    4.247320] Initialise system trusted keyring
[    4.248264] HugeTLB registered 2 MB page size, pre-allocated 0 pages
[    4.252570] zbud: loaded
[    4.253382] VFS: Disk quotas dquot_6.6.0
[    4.254206] VFS: Dquot-cache hash table entries: 512 (order 0, 4096 bytes)
[    4.255611] squashfs: version 4.0 (2009/01/31) Phillip Lougher
[    4.256909] fuse init (API version 7.23)
[    4.257817] Key type big_key registered
[    4.258604] Allocating IMA MOK and blacklist keyrings.
[    4.261794] Key type asymmetric registered
[    4.270938] Asymmetric key parser 'x509' registered
[    4.271960] Block layer SCSI generic (bsg) driver version 0.4 loaded (major 249)
[    4.273624] io scheduler noop registered
[    4.303764] io scheduler deadline registered (default)
[    4.304763] io scheduler cfq registered
[    4.305685] pci_hotplug: PCI Hot Plug PCI Core version: 0.5
[    4.306706] pciehp: PCI Express Hot Plug Controller Driver version: 0.4
[    4.307971] ACPI: AC Adapter [AC] (on-line)
[    4.308882] input: Power Button as /devices/LNXSYSTM:00/LNXPWRBN:00/input/input0
[    4.311860] ACPI: Power Button [PWRF]
[    4.332804] input: Sleep Button as /devices/LNXSYSTM:00/LNXSLPBN:00/input/input1
[    4.341620] ACPI: Sleep Button [SLPF]
[    4.343090] ACPI: Battery Slot [BAT0] (battery present)
[    4.344085] GHES: HEST is not enabled!
[    4.344939] Serial: 8250/16550 driver, 32 ports, IRQ sharing enabled
[    4.368577] 00:02: ttyS0 at I/O 0x3f8 (irq = 4, base_baud = 115200) is a 16550A
[    4.404662] Linux agpgart interface v0.103
[    4.438005] loop: module loaded
[    4.463380] scsi host0: ata_piix
[    4.464136] scsi host1: ata_piix
[    4.464856] ata1: PATA max UDMA/33 cmd 0x1f0 ctl 0x3f6 bmdma 0xd000 irq 14
[    4.466094] ata2: PATA max UDMA/33 cmd 0x170 ctl 0x376 bmdma 0xd008 irq 15
[    4.467649] libphy: Fixed MDIO Bus: probed
[    4.468470] tun: Universal TUN/TAP device driver, 1.6
[    4.469448] tun: (C) 1999-2004 Max Krasnyansky <maxk@qualcomm.com>
[    4.470833] PPP generic driver version 2.4.2
[    4.471728] ehci_hcd: USB 2.0 'Enhanced' Host Controller (EHCI) Driver
[    4.485030] ehci-pci: EHCI PCI platform driver
[    4.485899] ehci-platform: EHCI generic platform driver
[    4.493180] ohci_hcd: USB 1.1 'Open' Host Controller (OHCI) Driver
[    4.528657] ohci-pci: OHCI PCI platform driver
[    4.529569] ohci-platform: OHCI generic platform driver
[    4.530539] uhci_hcd: USB Universal Host Controller Interface driver
[    4.531767] i8042: PNP: PS/2 Controller [PNP0303:PS2K,PNP0f03:PS2M] at 0x60,0x64 irq 1,12
[    4.533774] serio: i8042 KBD port at 0x60,0x64 irq 1
[    4.554515] serio: i8042 AUX port at 0x60,0x64 irq 12
[    4.555587] mousedev: PS/2 mouse device common for all mice
[    4.556942] input: AT Translated Set 2 keyboard as /devices/platform/i8042/serio0/input/input2
[    4.654034] rtc_cmos rtc_cmos: rtc core: registered rtc_cmos as rtc0
[    4.655203] rtc_cmos rtc_cmos: alarms up to one day, 114 bytes nvram
[    4.678259] i2c /dev entries driver
[    4.679042] device-mapper: uevent: version 1.0.3
[    4.680002] device-mapper: ioctl: 4.34.0-ioctl (2015-10-28) initialised: dm-devel@redhat.com
[    4.681629] ledtrig-cpu: registered to indicate activity on CPUs
[    4.713937] NET: Registered protocol family 10
[    4.736572] NET: Registered protocol family 17
[    4.744364] Key type dns_resolver registered
[    4.745427] microcode: CPU0 sig=0x306a9, pf=0x2, revision=0x19
[    4.746509] microcode: Microcode Update Driver: v2.01 <tigran@aivazian.fsnet.co.uk>, Peter Oruba
[    4.748435] registered taskstats version 1
[    4.749304] Loading compiled-in X.509 certificates
[    4.750941] Loaded X.509 cert 'Build time autogenerated kernel key: 0777615d5208f86b8b4bd2fb3aecc97a191f2831'
[    4.806669] zswap: loaded using pool lzo/zbud
[    4.816606] Key type trusted registered
[    4.845718] Key type encrypted registered
[    4.925234] AppArmor: AppArmor sha1 policy hashing enabled
[    4.929668] ima: No TPM chip found, activating TPM-bypass!
[    4.930691] evm: HMAC attrs: 0x1
[    4.931728]   Magic number: 13:546:584
[    4.932581] rtc_cmos rtc_cmos: setting system clock to 2017-08-15 13:35:20 UTC (1502804120)
[    4.934290] BIOS EDD facility v0.16 2004-Jun-25, 0 devices found
[    4.935354] EDD information not available.
[    4.937485] Freeing unused kernel memory: 1488K (ffffffff81f45000 - ffffffff820b9000)
[    4.948579] Write protecting the kernel read-only data: 14336k
[    4.950073] Freeing unused kernel memory: 1752K (ffff88000184a000 - ffff880001a00000)
[    4.951854] Freeing unused kernel memory: 112K (ffff880001de4000 - ffff880001e00000)
Loading, please wait...
starting version[    4.963514] random: udevadm: uninitialized urandom read (16 bytes read, 2 bits of entropy available)
 229
[    4.967508] random: systemd-udevd: uninitialized urandom read (16 bytes read, 2 bits of entropy available)
[    4.969338] random: systemd-udevd: uninitialized urandom read (16 bytes read, 2 bits of entropy available)
[    4.978567] random: udevadm: uninitialized urandom read (16 bytes read, 2 bits of entropy available)
[    5.023410] random: systemd-udevd: uninitialized urandom read (16 bytes read, 2 bits of entropy available)
[    5.057118] random: systemd-udevd: uninitialized urandom read (16 bytes read, 2 bits of entropy available)
[    5.059804] random: udevadm: uninitialized urandom read (16 bytes read, 2 bits of entropy available)
[    5.082279] random: udevadm: uninitialized urandom read (16 bytes read, 2 bits of entropy available)
[    5.084026] random: udevadm: uninitialized urandom read (16 bytes read, 2 bits of entropy available)
[    5.085815] random: udevadm: uninitialized urandom read (16 bytes read, 2 bits of entropy available)
[    5.126209] e1000: Intel(R) PRO/1000 Network Driver - version 7.3.21-k8-NAPI
[    5.178105] e1000: Copyright (c) 1999-2006 Intel Corporation.
[    5.183849] Fusion MPT base driver 3.04.20
[    5.184664] Copyright (c) 1999-2008 LSI Corporation
[    5.215655] Fusion MPT SPI Host driver 3.04.20
[    5.224843] tsc: Refined TSC clocksource calibration: 2296.104 MHz
[    5.225933] clocksource: tsc: mask: 0xffffffffffffffff max_cycles: 0x2118d49e661, max_idle_ns: 440795213118 ns
[    5.248329] AVX version of gcm_enc/dec engaged.
[    5.269766] AES CTR mode by8 optimization enabled
[    5.289015] mptbase: ioc0: Initiating bringup
[    5.357064] ioc0: LSI53C1030 A0: Capabilities={Initiator}
[    5.427465] input: ImExPS/2 Generic Explorer Mouse as /devices/platform/i8042/serio1/input/input4
[    5.591675] scsi host2: ioc0: LSI53C1030 A0, FwRev=00000000h, Ports=1, MaxQ=256, IRQ=20
[    5.735676] scsi 2:0:0:0: Direct-Access     VBOX     HARDDISK         1.0  PQ: 0 ANSI: 5
[    5.745084] scsi target2:0:0: Beginning Domain Validation
[    5.850534] scsi target2:0:0: Domain Validation skipping write tests
[    5.865484] scsi target2:0:0: Ending Domain Validation
[    5.870860] scsi target2:0:0: asynchronous
[    5.958478] scsi 2:0:1:0: Direct-Access     VBOX     HARDDISK         1.0  PQ: 0 ANSI: 5
[    6.035428] scsi target2:0:1: Beginning Domain Validation
[    6.193061] scsi target2:0:1: Domain Validation skipping write tests
[    6.244467] scsi target2:0:1: Ending Domain Validation
[    6.365474] scsi target2:0:1: asynchronous
[    6.433216] sd 2:0:0:0: Attached scsi generic sg0 type 0
[    6.456384] sd 2:0:0:0: [sda] 20971520 512-byte logical blocks: (10.7 GB/10.0 GiB)
[    6.470276] sd 2:0:0:0: [sda] Write Protect is off
[    6.490707] e1000 0000:00:03.0 eth0: (PCI:33MHz:32-bit) 02:50:7f:03:3f:72
[    6.491886] e1000 0000:00:03.0 eth0: Intel(R) PRO/1000 Network Connection
[    6.494403] sd 2:0:1:0: [sdb] 20480 512-byte logical blocks: (10.5 MB/10.0 MiB)
[    6.496037] sd 2:0:1:0: Attached scsi generic sg1 type 0
[    6.528003] sd 2:0:1:0: [sdb] Write Protect is off
[    6.599719] sd 2:0:0:0: [sda] Incomplete mode parameter data
[    6.673629] sd 2:0:0:0: [sda] Assuming drive cache: write through
[    6.808615] sd 2:0:1:0: [sdb] Incomplete mode parameter data
[    6.831451] sd 2:0:1:0: [sdb] Assuming drive cache: write through
[    6.992114]  sda: sda1
[    7.024510] sd 2:0:1:0: [sdb] Attached SCSI disk
[    7.065055] sd 2:0:0:0: [sda] Attached SCSI disk
[    7.133596] e1000 0000:00:08.0 eth1: (PCI:33MHz:32-bit) 08:00:27:f2:51:94
[    7.209475] e1000 0000:00:08.0 eth1: Intel(R) PRO/1000 Network Connection
[    7.248716] e1000 0000:00:08.0 enp0s8: renamed from eth1
[    7.309152] e1000 0000:00:03.0 enp0s3: renamed from eth0
[    8.228922] floppy0: no floppy controllers found
[    9.784462] random: nonblocking pool is initialized
Begin: Loading essential drivers ... [   11.109824] md: linear personality registered for level -1
[   11.113537] md: multipath personality registered for level -4
[   11.117313] md: raid0 personality registered for level 0
[   11.123185] md: raid1 personality registered for level 1
[   11.197037] raid6: sse2x1   gen()  8042 MB/s
[   11.269040] raid6: sse2x1   xor()  6485 MB/s
[   11.337050] raid6: sse2x2   gen() 10035 MB/s
[   11.405061] raid6: sse2x2   xor()  7153 MB/s
[   11.489056] raid6: sse2x4   gen() 11792 MB/s
[   11.569087] raid6: sse2x4   xor()  8558 MB/s
[   11.613233] raid6: using algorithm sse2x4 gen() 11792 MB/s
[   11.614225] raid6: .... xor() 8558 MB/s, rmw enabled
[   11.615155] raid6: using ssse3x2 recovery algorithm
[   11.624094] xor: automatically using best checksumming function:
[   11.685089]    avx       : 16709.000 MB/sec
[   11.735198] async_tx: api initialized (async)
[   11.792420] md: raid6 personality registered for level 6
[   11.795725] md: raid5 personality registered for level 5
[   11.799259] md: raid4 personality registered for level 4
[   11.805610] md: raid10 personality registered for level 10
done.
Begin: Running /scripts/init-premount ... done.
Begin: Mounting root file system ... Begin: Running /scripts/local-top ... done.
Begin: Running /scripts/local-premount ... [   11.840439] Btrfs loaded
Scanning for Btrfs filesystems
done.
Warning: fsck not present, so skipping root file system
[   12.867983] EXT4-fs (sda1): mounted filesystem with ordered data mode. Opts: (null)
done.
Begin: Running /scripts/local-bottom ... done.
Begin: Running /scripts/init-bottom ... done.
[   19.003549] systemd[1]: systemd 229 running in system mode. (+PAM +AUDIT +SELINUX +IMA +APPARMOR +SMACK +SYSVINIT +UTMP +LIBCRYPTSETUP +GCRYPT +GNUTLS +ACL +XZ -LZ4 +SECCOMP +BLKID +ELFUTILS +KMOD -IDN)
[   19.112979] systemd[1]: Detected virtualization oracle.
[   19.161807] systemd[1]: Detected architecture x86-64.

Welcome to [1mUbuntu 16.04.3 LTS[0m!

[   19.353127] systemd[1]: Set hostname to <ubuntu>.
[   19.505992] systemd[1]: Initializing machine ID from random generator.
[   19.528823] systemd[1]: Installed transient /etc/machine-id file.
[   28.049940] systemd[1]: Reached target Encrypted Volumes.
[[0;32m  OK  [0m] Reached target Encrypted Volumes.
[   28.098783] systemd[1]: Listening on Journal Socket (/dev/log).
[[0;32m  OK  [0m] Listening on Journal Socket (/dev/log).
[   28.101494] systemd[1]: Set up automount Arbitrary Executable File Formats File System Automount Point.
[[0;32m  OK  [0m] Set up automount Arbitrary Executab...ats File System Automount Point.
[   28.105196] systemd[1]: Listening on LVM2 metadata daemon socket.
[[0;32m  OK  [0m] Listening on LVM2 metadata daemon socket.
[   28.112978] systemd[1]: Listening on Journal Audit Socket.
[[0;32m  OK  [0m] Listening on Journal Audit Socket.
[   28.193366] systemd[1]: Listening on LVM2 poll daemon socket.
[[0;32m  OK  [0m] Listening on LVM2 poll daemon socket.
[   28.195898] systemd[1]: Started Trigger resolvconf update for networkd DNS.
[[0;32m  OK  [0m] Started Trigger resolvconf update for networkd DNS.
[   28.262345] systemd[1]: Created slice User and Session Slice.
[[0;32m  OK  [0m] Created slice User and Session Slice.
[   28.337388] systemd[1]: Listening on udev Control Socket.
[[0;32m  OK  [0m] Listening on udev Control Socket.
[   28.381783] systemd[1]: Reached target Swap.
[[0;32m  OK  [0m] Reached target Swap.
[   28.429512] systemd[1]: Listening on Journal Socket.
[[0;32m  OK  [0m] Listening on Journal Socket.
[   28.440887] systemd[1]: Created slice System Slice.
[[0;32m  OK  [0m] Created slice System Slice.
[   28.474247] systemd[1]: Starting Nameserver information manager...
         Starting Nameserver information manager...
[   28.500886] systemd[1]: Starting Remount Root and Kernel File Systems...
         Starting Remount Root and Kernel File Systems...
[   28.503902] systemd[1]: Reached target Slices.
[[0;32m  OK  [0m] Reached target Slices.
[   28.762811] systemd[1]: Starting Load Kernel Modules...
         Starting Load Kernel Modules...
[   28.792960] systemd[1]: Mounting Debug File System...
         Mounting Debug File System...
[   28.816996] systemd[1]: Starting Create list of required static device nodes for the current kernel...
         Starting Create list of required st... nodes for the current kernel...
[   28.824523] systemd[1]: Mounting Huge Pages File System...
         Mounting Huge Pages File System.[   28.832497] EXT4-fs (sda1): re-mounted. Opts: (null)
..
[   28.857848] systemd[1]: Created slice system-serial\x2dgetty.slice.
[[0;32m  OK  [0m] Created slice system-serial\x2dgetty.slice.
[   28.875577] systemd[1]: Mounting POSIX Message Queue File System...
         Mounting POSIX Message Queue File System...
[   28.929103] systemd[1]: Reached target User and Group Name Lookups.
[[0;32m  OK  [0m] Reached target User and Group Name Lookups.
[   29.140290] systemd[1]: Started Forward Password Requests to Wall Directory Watch.
[[0;32m  OK  [0m] Started Forward Password Requests to Wall Directory Watch.
[   29.255306] systemd[1]: Listening on Syslog Socket.
[[0;32m  OK  [0m] Listening on Syslog Socket.
[   29.276278] systemd[1]: Starting Journal Service...
         Starting Journal Service...
[   29.344643] systemd[1]: Listening on Device-mapper event daemon FIFOs.
[[0;32m  OK  [0m] Listening on Device-mapper event daemon FIFOs.
[   29.352553] systemd[1]: Starting Monitoring of LVM2 mirrors, snapshots etc. using dmeventd or progress polling...
         Starting Monitoring of LVM2 mirrors... dmeventd or progress polling...
[   29.356434] systemd[1]: Listening on /dev/initctl Compatibility Named Pipe.
[[0;32m  OK  [0m] Listening on /dev/initctl Compatibility Named Pipe.
[   29.362025] systemd[1]: Starting Set console keymap...
         Starting Set console keymap...
[   29.371434] systemd[1]: Starting Uncomplicated firewall...
         Starting Uncomplicated firewall...
[   29.390687] systemd[1]: Listening on udev Kernel Socket.
[[0;32m  OK  [0m] Listening on udev Kernel Socket.
[   29.394709] systemd[1]: Mounted Huge Pages File System.
[[0;32m  OK  [0m] Mounted Huge Pages File System.
[   29.449024] systemd[1]: Mounted Debug File System.
[[0;32m  OK  [0m] Mounted Debug File System.
[   29.501782] systemd[1]: Mounted POSIX Message Queue File System.
[[0;32m  OK  [0m] Mounted POSIX Message Queue File System.
[   29.505265] systemd[1]: Started Remount Root and Kernel File Systems.
[[0;32m  OK  [0m] Started Remount Root and Kernel File Systems.
[   29.516290] systemd[1]: Started Create list of required static device nodes for the current kernel.
[[0;32m  OK  [0m] Started Create list of required sta...ce nodes for the current kernel.
[   29.632863] systemd[1]: Starting Create Static Device Nodes in /dev...
         Starting Create Static Device Nodes in /dev...
[   29.671933] systemd[1]: Starting Load/Save Random Seed...
         Starting Load/Save Random Seed...
[   29.675348] systemd[1]: Starting Initial cloud-init job (pre-networking)...
         Starting Initial cloud-init job (pre-networking)...
[   29.690278] Loading iSCSI transport class v2.0-870.
[   29.881842] systemd[1]: Starting udev Coldplug all Devices...
         Starting udev Coldplug all Devices...
[   29.934797] systemd[1]: Started Nameserver information manager.
[[0;32m  OK  [0m] Started Nameserver information manager.
[   30.176492] systemd[1]: Started Load/Save Random Seed.
[[0;32m  OK  [0m] Started Load/Save Random Seed.
[   30.349905] systemd[1]: Started Uncomplicated firewall.
[   30.439672] iscsi: registered transport (tcp)
[[0;32m  OK  [0m] Started Uncomplicated firewall.
[   31.270455] systemd[1]: Started udev Coldplug all Devices.
[[0;32m  OK  [0m] Started udev Coldplug all Devices.
[   31.937091] systemd[1]: Started Set console keymap.
[[0;32m  OK  [0m] Started Set console keymap.
[   32.448670] systemd[1]: Started Journal Service.
[[0;32m  OK  [0m] Started Journal Service.
         Starting Flush Journal to Persistent Storage...
[   32.582315] iscsi: registered transport (iser)
[[0;32m  OK  [0m] Started Load Kernel Modules.
         Mounting FUSE Control File System...
         Starting Apply Kernel Variables...
[[0;32m  OK  [0m] Mounted FUSE Control File System.
[[0;32m  OK  [0m] Started LVM2 metadata daemon.
[   32.900734] systemd-journald[399]: Received request to flush runtime journal from PID 1
[[0;32m  OK  [0m] Started Flush Journal to Persistent Storage.
[[0;32m  OK  [0m] Started Monitoring of LVM2 mirrors,...ng dmeventd or progress polling.
[[0;32m  OK  [0m] Started Apply Kernel Variables.
[[0;32m  OK  [0m] Started Create Static Device Nodes in /dev.
         Starting udev Kernel Device Manager...
[[0;32m  OK  [0m] Started udev Kernel Device Manager.
[[0;32m  OK  [0m] Reached target Local File Systems (Pre).
[[0;32m  OK  [0m] Reached target Local File Systems.
         Starting Commit a transient machine-id on disk...
         Starting LSB: AppArmor initialization...
         Starting Set console font and keymap...
         Starting Tell Plymouth To Write Out Runtime Data...
         Starting Create Volatile Files and Directories...
[[0;32m  OK  [0m] Started Dispatch Password Requests to Console Directory Watch.
[[0;32m  OK  [0m] Started Commit a transient machine-id on disk.
[[0;32m  OK  [0m] Started Tell Plymouth To Write Out Runtime Data.
[[0;32m  OK  [0m] Started Create Volatile Files and Directories.
         Starting Update UTMP about System Boot/Shutdown...
[[0;32m  OK  [0m] Reached target System Time Synchronized.
[[0;32m  OK  [0m] Started Update UTMP about System Boot/Shutdown.
[[0;32m  OK  [0m] Found device /dev/ttyS0.
[[0;32m  OK  [0m] Started Set console font and keymap.
[[0;32m  OK  [0m] Created slice system-getty.slice.
[[0;32m  OK  [0m] Listening on Load/Save RF Kill Switch Status /dev/rfkill Watch.
[[0;32m  OK  [0m] Started LSB: AppArmor initialization.
[   62.995138] cloud-init[419]: Cloud-init v. 0.7.9 running 'init-local' at Tue, 15 Aug 2017 13:36:17 +0000. Up 59.72 seconds.
[[0;32m  OK  [0m] Started Initial cloud-init job (pre-networking).
[[0;32m  OK  [0m] Reached target Network (Pre).
         Starting Raise network interfaces...
[[0;32m  OK  [0m] Started Raise network interfaces.
[[0;32m  OK  [0m] Reached target Network.
         Starting Initial cloud-init job (metadata service crawler)...
[   74.081635] cloud-init[956]: Cloud-init v. 0.7.9 running 'init' at Tue, 15 Aug 2017 13:36:22 +0000. Up 64.78 seconds.
[   74.085032] cloud-init[956]: ci-info: ++++++++++++++++++++++++++++++++++++++Net device info++++++++++++++++++++++++++++++++++++++
[   74.099887] cloud-init[956]: ci-info: +--------+-------+----------------------------+---------------+-------+-------------------+
[   74.144485] cloud-init[956]: ci-info: | Device |   Up  |          Address           |      Mask     | Scope |     Hw-Address    |
[[0;32m  OK  [0m] Started Initial cloud-init job (metadata service crawler).
[   74.154381] cloud-init[956]: ci-info: +--------+-------+----------------------------+---------------+-------+-------------------+
[   74.186937] cloud-init[956]: ci-info: | enp0s3 |  True |         10.0.2.15          | 255.255.255.0 |   .   | 02:50:7f:03:3f:72 |[[0;32m  OK  [0m] Reached target Network is Online.
         Starting iSCSI initiator daemon (iscsid)...
[[0;32m  OK  [0m] Reached target Cloud-config availability.
[[0;32m  OK  [0m] Reached target System Initialization.
[[0;32m  OK  [0m] Listening on ACPID Listen Socket.
[[0;32m  OK  [0m] Started Timer to automatically refresh installed snaps.

[   74.196928] cloud-init[956]: ci-info: | enp0s3 |  True | fe80::50:7fff:fe03:3f72/64 |       .       |  link | 02:50:7f:03:3f:72 |
[   74.200035] cloud-init[956]: ci-info: |   lo   |  True |         127.0.0.1          |   255.0.0.0   |   .   |         .         |
[   74.202198] cloud-init[956]: ci-info: |   lo   |  True |          ::1/128           |       .       |  host |         .         |
[   74.204331] cloud-init[956]: ci-info: | enp0s8 | False |             .              |       .       |   .   | 08:00:27:f2:51:94 |
[   74.206435] cloud-init[956]: ci-info: +--------+-------+----------------------------+---------------+-------+-------------------+         Starting LXD - unix socket.
[[0;32m  OK  [0m] Started Daily Cleanup of Temporary Directories.
[[0;32m  OK  [0m] Listening on UUID daemon activation socket.
[[0;32m  OK  [0m] Started Daily apt download activities.
[[0;32m  OK  [0m] Started Daily apt upgrade and clean activities.
[[0;32m  OK  [0m] Reached target Timers.
         Starting Socket activation for snappy daemon.
[[0;32m  OK  [0m] Listening on D-Bus System Message Bus Socket.

[   74.249746] cloud-init[956]: ci-info: +++++++++++++++++++++++++++Route IPv4 info++++++++++++++++++++++++++++
[   74.274730] cloud-init[956]: ci-info: +-------+-------------+----------+---------------+-----------+-------+
[   74.277446] cloud-init[956]: ci-info: | Route | Destination | Gateway  |    Genmask    | Interface | Flags |
[   74.279397] cloud-init[956]: ci-info: +-------+-------------+----------+---------------+-----------+-------+
[   74.281533] cloud-init[956]: ci-info: |   0   |   0.0.0.0   | 10.0.2.2 |    0.0.0.0    |   enp0s3  |   UG  |
[   74.300560] cloud-init[956]: ci-info: |   1   |   10.0.2.0  | 0.0.0.0  | 255.255.255.0 |   enp0s3  |   U   |
[   74.308984] cloud-init[956]: ci-info: +-------+-------------+----------+---------------+-----------+-------+
[[0;32m  OK  [0m] Started ACPI Events Check.
[[0;32m  OK  [0m] Reached target Paths.
[   74.328265] cloud-init[956]: Generating public/private rsa key pair.
[   74.337521] cloud-init[956]: Your identification has been saved in /etc/ssh/ssh_host_rsa_key.[[0;32m  OK  [0m] Listening on LXD - unix socket.
[[0;32m  OK  [0m] Listening on Socket activation for snappy daemon.

[   74.342901] cloud-init[956]: Your public key has been saved in /etc/ssh/ssh_host_rsa_key.pub.
[   74.346384] cloud-init[956]: The key fingerprint is:
[   74.350235] cloud-init[956]: SHA256:eOTbB0GEbjSlgq/ymL49UPn4KKfLeThk1wQxkzDcedY root@ubuntu-xenial
[   74.356312] cloud-init[956]: The key's randomart image is:
[   74.384446] cloud-init[956]: +---[RSA 2048]----+
[   74.388065] cloud-init[956]: | .oo++ . ++      |
[   74.400476] cloud-init[956]: |  ..=+o Eo       |
[   74.404634] cloud-init[956]: |    .=.oo..      |
[[0;32m  OK  [0m] Reached target Sockets.
[[0;32m  OK  [0m] Reached target Basic System.
         Starting Login Service...
[   74.406670] cloud-init[956]: |    o..=o  .     |
[   74.439246] cloud-init[956]: |   . =o.S .      |
[   74.441615] cloud-init[956]: |  + o.o. o .     |
[   74.443015] cloud-init[956]: | o.+.o  . . .    |
[   74.444468] cloud-init[956]: | .+B= .    .     |
[   74.452547] cloud-init[956]: | .XOo.           |
[   74.459000] cloud-init[956]: +----[SHA256]-----+
[   74.476408] cloud-init[956]: Generating public/private dsa key pair.
[   74.500440] cloud-init[956]: Your identification has been saved in /etc/ssh/ssh_host_dsa_key.
[[0;32m  OK  [0m] Started Snappy daemon.
[   74.520332] cloud-init[956]: Your public key has been saved in /etc/ssh/ssh_host_dsa_key.pub.
[   74.532476] cloud-init[956]: The key fingerprint is:
[   74.543380] cloud-init[956]: SHA256:MakcgO+Szw0B8zrAY02GRGDWo6DmyoqY5jgfnAqbcvg root@ubuntu-xenial
[   74.545304] cloud-init[956]: The key's randomart image is:
[   74.547594] cloud-init[956]: +---[DSA 1024]----+
[   74.549087] cloud-init[956]: |==o..            |
[   74.550466] cloud-init[956]: |+.+= .   .       |
[   74.551848] cloud-init[956]: |+ ==. . +        |
[   74.568431] cloud-init[956]: |o* .+. o o       |
[   74.576720] cloud-init[956]: |+..+ .o S        |
[   74.578127] cloud-init[956]: | o=.o            |
[   74.586669] cloud-init[956]: |+.+= o           |
[   74.605516] cloud-init[956]: |XB..o .          |
[   74.607749] cloud-init[956]: |#*E              |
[   74.609166] cloud-init[956]: +----[SHA256]-----+
[   74.610531] cloud-init[956]: Generating public/private ecdsa key pair.
         Starting Pollinate to seed the pseudo random number generator...
[[0;32m  OK  [0m] Started Deferred execution scheduler.
         Starting Accounts Service...
         Starting Apply the settings specified in cloud-config...
         Starting System Logging Service...
[   74.617569] cloud-init[956]: Your identification has been saved in /etc/ssh/ssh_host_ecdsa_key.         Starting Auto import assertions from block devices...
         Starting LSB: MD monitoring daemon...
         Starting LSB: Record successful boot for GRUB...
         Starting /etc/rc.local Compatibility...
[[0;32m  OK  [0m] Started FUSE filesystem for LXC.
[[0;32m  OK  [0m] Started D-Bus System Message Bus.

[   74.729298] cloud-init[956]: Your public key has been saved in /etc/ssh/ssh_host_ecdsa_key.pub.
[   74.747074] cloud-init[956]: The key fingerprint is:
[   74.750662] cloud-init[956]: SHA256:nJF5Hmq1BYIMXpDZkVMEHmETa2PWHzvzErfWKI9GCRA root@ubuntu-xenial
[   74.752693] cloud-init[956]: The key's randomart image is:
[   74.756314] cloud-init[956]: +---[ECDSA 256]---+
[   74.758880] cloud-init[956]: |    oBE@+ .      |
[   74.761389] cloud-init[956]: |   .o+B= + .     |
[   74.768459] cloud-init[956]: |    . Bo= = .    |
[   74.784371] cloud-init[956]: |     + o.O *     |
[   74.786795] cloud-init[956]: |        S.O..    |
[   74.788386] cloud-init[956]: |       .  o* +   |
[   74.792288] cloud-init[956]: |         .o = .  |
[   74.794793] cloud-init[956]: |          .*     |
[   74.804440] cloud-init[956]: |         .. .    |
[   74.807722] cloud-init[956]: +----[SHA256]-----+
[   74.810286] cloud-init[956]: Generating public/private ed25519 key pair.
[   74.844459] cloud-init[956]: Your identification has been saved in /etc/ssh/ssh_host_ed25519_key.
[   74.857843] cloud-init[956]: Your public key has been saved in /etc/ssh/ssh_host_ed25519_key.pub.
[   74.871136] cloud-init[956]: The key fingerprint is:
[   74.872618] cloud-init[956]: SHA256:lV8U833KlaQttFAaS2F1x/12a/2YfifsYx5n2P6O8H4 root@ubuntu-xenial
[   74.879064] cloud-init[956]: The key's randomart image is:
[   74.900815] cloud-init[956]: +--[ED25519 256]--+
[   74.912149] cloud-init[956]: |           *+++=o|
[   74.922446] cloud-init[956]: |          o.*.*o*|
[   74.924821] cloud-init[956]: |          oo +.o*|
[   74.927128] cloud-init[956]: |         . . o.o=|
[   74.928544] cloud-init[956]: |        S   . o.+|
[   74.929918] cloud-init[956]: |               =.|
[   74.932562] cloud-init[956]: |            ..+o=|
[   74.936344] cloud-init[956]: |             oB*E|
[   74.941994] cloud-init[956]: |             *B**|
[   74.944312] cloud-init[956]: +----[SHA256]-----+
[   82.355498] cloud-init[1071]: Generating locales (this might take a while)...
[[0;32m  OK  [0m] Started Unattended Upgrades Shutdown.
[[0;32m  OK  [0m] Started Regular background program processing daemon.
[[0;32m  OK  [0m] Started ACPI event daemon.
         Starting LXD - container startup/shutdown...
[[0;32m  OK  [0m] Started System Logging Service.
[[0;32m  OK  [0m] Started iSCSI initiator daemon (iscsid).
[[0;32m  OK  [0m] Started Auto import assertions from block devices.
[[0;32m  OK  [0m] Started /etc/rc.local Compatibility.
         Starting Login to default iSCSI targets...
[[0;32m  OK  [0m] Started Login Service.
         Starting Authenticate and Authorize Users to Run Privileged Tasks...
[[0;32m  OK  [0m] Started Login to default iSCSI targets.
[[0;32m  OK  [0m] Reached target Remote File Systems (Pre).
[[0;32m  OK  [0m] Reached target Remote File Systems.
         Starting LSB: automatic crash report generation...
         Starting Permit User Sessions...
         Starting LSB: VirtualBox Linux Additions...
         Starting LSB: daemon to balance interrupts for SMP systems...
         Starting LSB: Set the CPU Frequency Scaling governor to "ondemand"...
[[0;32m  OK  [0m] Started LSB: Set the CPU Frequency Scaling governor to "ondemand".
[[0;32m  OK  [0m] Started LSB: Record successful boot for GRUB.
[[0;32m  OK  [0m] Started Permit User Sessions.
         Starting Hold until boot process finishes up...
         Starting Terminate Plymouth Boot Screen...
[[0;32m  OK  [0m] Started Hold until boot process finishes up.
[[0;32m  OK  [0m] Started Terminate Plymouth Boot Screen.
         Starting Set console scheme...
[[0;32m  OK  [0m] Started Getty on tty1.
[[0;32m  OK  [0m] Started Serial Getty on ttyS0.
[[0;32m  OK  [0m] Reached target Login Prompts.
[[0;32m  OK  [0m] Started Set console scheme.
[[0;32m  OK  [0m] Started LSB: MD monitoring daemon.
[[0;32m  OK  [0m] Started Authenticate and Authorize Users to Run Privileged Tasks.
[[0;32m  OK  [0m] Started Accounts Service.
[[0;32m  OK  [0m] Started LSB: automatic crash report generation.
[[0;32m  OK  [0m] Started LSB: daemon to balance interrupts for SMP systems.
[   90.090082] cloud-init[1071]:   en_US.UTF-8... done
[   90.112469] cloud-init[1071]: Generation complete.
[[0;32m  OK  [0m] Started LSB: VirtualBox Linux Additions.

Ubuntu 16.04.3 LTS ubuntu-xenial ttyS0

ubuntu-xenial login: [  142.342854] cloud-init[1071]: Cloud-init v. 0.7.9 running 'modules:config' at Tue, 15 Aug 2017 13:36:32 +0000. Up 75.06 seconds.
ci-info: +++++Authorized keys from /home/ubuntu/.ssh/authorized_keys for user ubuntu++++++
ci-info: +---------+-------------------------------------------------+---------+---------+
ci-info: | Keytype |                Fingerprint (md5)                | Options | Comment |
ci-info: +---------+-------------------------------------------------+---------+---------+
ci-info: | ssh-rsa | 2c:2f:33:79:fe:09:2b:1a:5f:8c:47:35:b3:9a:44:62 |    -    | vagrant |
ci-info: +---------+-------------------------------------------------+---------+---------+
<14>Aug 15 13:37:48 ec2: 
<14>Aug 15 13:37:48 ec2: #############################################################
<14>Aug 15 13:37:48 ec2: -----BEGIN SSH HOST KEY FINGERPRINTS-----
<14>Aug 15 13:37:48 ec2: 1024 SHA256:MakcgO+Szw0B8zrAY02GRGDWo6DmyoqY5jgfnAqbcvg root@ubuntu-xenial (DSA)
<14>Aug 15 13:37:48 ec2: 256 SHA256:nJF5Hmq1BYIMXpDZkVMEHmETa2PWHzvzErfWKI9GCRA root@ubuntu-xenial (ECDSA)
<14>Aug 15 13:37:48 ec2: 256 SHA256:lV8U833KlaQttFAaS2F1x/12a/2YfifsYx5n2P6O8H4 root@ubuntu-xenial (ED25519)
<14>Aug 15 13:37:48 ec2: 2048 SHA256:eOTbB0GEbjSlgq/ymL49UPn4KKfLeThk1wQxkzDcedY root@ubuntu-xenial (RSA)
<14>Aug 15 13:37:48 ec2: -----END SSH HOST KEY FINGERPRINTS-----
<14>Aug 15 13:37:48 ec2: #############################################################
-----BEGIN SSH HOST KEY KEYS-----
ecdsa-sha2-nistp256 AAAAE2VjZHNhLXNoYTItbmlzdHAyNTYAAAAIbmlzdHAyNTYAAABBBNQrOl8ys5qnSeWZ5HZN8NM42xtJg2Jpt0EwhGoh2VsvCjvGWq5nVQcRZ+2NPBXyUfWrLYn/LV1Bd41flv/DoOk= root@ubuntu-xenial
ssh-ed25519 AAAAC3NzaC1lZDI1NTE5AAAAIIFXzbN8m+66hRtUKEjx7vwkbF5Jb7WM8/WBy5NCUMGV root@ubuntu-xenial
ssh-rsa AAAAB3NzaC1yc2EAAAADAQABAAABAQDAT586UXPF2CuITzt8xYwzArroaPIsehtdPz3ODVH8tm9GG6MUh07j6DaDJccn5m9U/81bVg4XEd+WeJJPhjVJWz+d4NsuOfMN/EK6LpDbZhyqO1fAsI8rLQpa8dgp94GUI2WOjY3jW4gqTER7Zcts47GwEDExxqHX1x6yA5D/I0IuOFcBskWQjM/2YZ92/vE88NrpR29Cvkupuq2bxD7E6nOV3dkS7rs9Oyv2KbfD9oBM9N8RT+5RGeHFoLK+lb0m1kbNnWGE+Ory5hj+x5uW77pSdAvSnS1U3egjGlSpcadQlTu9A88ndFHr0HbvRWXOdN00Ccw5sQuEc+VPpd4r root@ubuntu-xenial
-----END SSH HOST KEY KEYS-----
[  151.462894] cloud-init[1686]: Cloud-init v. 0.7.9 running 'modules:final' at Tue, 15 Aug 2017 13:37:40 +0000. Up 142.72 seconds.
[  151.463084] cloud-init[1686]: Cloud-init v. 0.7.9 finished at Tue, 15 Aug 2017 13:37:48 +0000. Datasource DataSourceNoCloud [seed=/dev/sdb][dsmode=net].  Up 151.45 seconds
